"../../../Engine/Content/Maps/Templates/Thumbnails/Default.uasset" 0
"../../../Engine/Content/Maps/Templates/Thumbnails/Default.uexp" 1
"../../../Engine/Content/Maps/Templates/Thumbnails/TimeOfDay.uasset" 2
"../../../Engine/Content/Maps/Templates/Thumbnails/TimeOfDay.uexp" 3
"../../../Engine/Content/Maps/Templates/Thumbnails/VR-Basic.uasset" 4
"../../../Engine/Content/Maps/Templates/Thumbnails/VR-Basic.uexp" 5
"../../../Engine/Content/MobileResources/T_MobileControls_texture.uasset" 6
"../../../Engine/Content/MobileResources/T_MobileControls_texture.uexp" 7
"../../../Engine/Content/MobileResources/T_MobileMenu2.uasset" 8
"../../../Engine/Content/MobileResources/T_MobileMenu2.uexp" 9
"../../../Engine/Content/MobileResources/HUD/MobileHUDDirectionPad3.uasset" 10
"../../../Engine/Content/MobileResources/HUD/MobileHUDDirectionPad3.uexp" 11
"../../../Engine/Content/MobileResources/HUD/MobileHUDButton2_off.uasset" 12
"../../../Engine/Content/MobileResources/HUD/MobileHUDButton2_off.uexp" 13
"../../../Engine/Content/MobileResources/HUD/MobileHUDButton3.uasset" 14
"../../../Engine/Content/MobileResources/HUD/MobileHUDButton3.uexp" 15
"../../../Engine/Content/MobileResources/HUD/T_Castle_ThumbstickInner.uasset" 16
"../../../Engine/Content/MobileResources/HUD/T_Castle_ThumbstickInner.uexp" 17
"../../../Engine/Content/MobileResources/HUD/MobileHUDDirectionStick.uasset" 18
"../../../Engine/Content/MobileResources/HUD/MobileHUDDirectionStick.uexp" 19
"../../../Engine/Content/MobileResources/HUD/VirtualJoystick_Background.uasset" 20
"../../../Engine/Content/MobileResources/HUD/VirtualJoystick_Background.uexp" 21
"../../../Engine/Content/MobileResources/HUD/VirtualJoystick_Thumb.uasset" 22
"../../../Engine/Content/MobileResources/HUD/VirtualJoystick_Thumb.uexp" 23
"../../../Engine/Content/MobileResources/HUD/DefaultVirtualJoysticks.uasset" 24
"../../../Engine/Content/MobileResources/HUD/DefaultVirtualJoysticks.uexp" 25
"../../../Engine/Content/MobileResources/HUD/T_Castle_ThumbstickOutter.uasset" 26
"../../../Engine/Content/MobileResources/HUD/T_Castle_ThumbstickOutter.uexp" 27
"../../../Engine/Content/MobileResources/HUD/MobileHUDButton2_on.uasset" 28
"../../../Engine/Content/MobileResources/HUD/MobileHUDButton2_on.uexp" 29
"../../../Engine/Content/MobileResources/HUD/MobileHUDDirectionPad2.uasset" 30
"../../../Engine/Content/MobileResources/HUD/MobileHUDDirectionPad2.uexp" 31
"../../../Engine/Content/MobileResources/HUD/No_Joystick.uasset" 32
"../../../Engine/Content/MobileResources/HUD/No_Joystick.uexp" 33
"../../../Engine/Content/MobileResources/HUD/MobileHUDDirectionPad.uasset" 34
"../../../Engine/Content/MobileResources/HUD/MobileHUDDirectionPad.uexp" 35
"../../../Engine/Content/MobileResources/HUD/AnalogHat.uasset" 36
"../../../Engine/Content/MobileResources/HUD/AnalogHat.uexp" 37
"../../../Engine/Content/MobileResources/HUD/MobileHUDButton1_on.uasset" 38
"../../../Engine/Content/MobileResources/HUD/MobileHUDButton1_on.uexp" 39
"../../../Engine/Content/MobileResources/HUD/MobileHUDButtonFire.uasset" 40
"../../../Engine/Content/MobileResources/HUD/MobileHUDButtonFire.uexp" 41
"../../../Engine/Content/MobileResources/HUD/LeftVirtualJoystickOnly.uasset" 42
"../../../Engine/Content/MobileResources/HUD/LeftVirtualJoystickOnly.uexp" 43
"../../../Engine/Content/MobileResources/HUD/MobileHUDButton1_off.uasset" 44
"../../../Engine/Content/MobileResources/HUD/MobileHUDButton1_off.uexp" 45
"../../../Engine/Content/Tutorial/ContentIntroCurve.uasset" 46
"../../../Engine/Content/Tutorial/ContentIntroCurve.uexp" 47
"../../../Engine/Content/Tutorial/Basics/TutorialAssets/icon_tab_Levels_40x.uasset" 48
"../../../Engine/Content/Tutorial/Basics/TutorialAssets/icon_tab_Levels_40x.uexp" 49
"../../../Engine/Content/EngineResources/DefaultTextureCube.uasset" 50
"../../../Engine/Content/EngineResources/DefaultTextureCube.uexp" 51
"../../../Engine/Content/EngineResources/DefaultTexture.uasset" 52
"../../../Engine/Content/EngineResources/DefaultTexture.uexp" 53
"../../../Engine/Content/EngineResources/DefaultTexture.ubulk" 54
"../../../Engine/Content/EngineResources/Black.uasset" 55
"../../../Engine/Content/EngineResources/Black.uexp" 56
"../../../Engine/Content/EngineResources/DefaultVolumeTexture2D.uasset" 57
"../../../Engine/Content/EngineResources/DefaultVolumeTexture2D.uexp" 58
"../../../Engine/Content/EngineResources/DefaultVolumeTexture.uasset" 59
"../../../Engine/Content/EngineResources/DefaultVolumeTexture.uexp" 60
"../../../Engine/Content/EngineResources/StreamingPauseIcon.uasset" 61
"../../../Engine/Content/EngineResources/StreamingPauseIcon.uexp" 62
"../../../Engine/Content/EngineResources/M_StreamingPause.uasset" 63
"../../../Engine/Content/EngineResources/M_StreamingPause.uexp" 64
"../../../Engine/Content/EngineResources/GradientTexture0.uasset" 65
"../../../Engine/Content/EngineResources/GradientTexture0.uexp" 66
"../../../Engine/Content/EditorLandscapeResources/DataLayer.uasset" 67
"../../../Engine/Content/EditorLandscapeResources/DataLayer.uexp" 68
"../../../Engine/Content/EditorLandscapeResources/LandscapeGizmo_Mat.uasset" 69
"../../../Engine/Content/EditorLandscapeResources/LandscapeGizmo_Mat.uexp" 70
"../../../Engine/Content/EditorLandscapeResources/LandscapeGizmo_Mat_Copied.uasset" 71
"../../../Engine/Content/EditorLandscapeResources/LandscapeGizmo_Mat_Copied.uexp" 72
"../../../Engine/Content/EditorLandscapeResources/SplineEditorMeshMat.uasset" 73
"../../../Engine/Content/EditorLandscapeResources/SplineEditorMeshMat.uexp" 74
"../../../Engine/Content/EditorLandscapeResources/SplineEditorMesh.uasset" 75
"../../../Engine/Content/EditorLandscapeResources/SplineEditorMesh.uexp" 76
"../../../Engine/Content/EditorLandscapeResources/LandscapeGizmoHeight_Mat.uasset" 77
"../../../Engine/Content/EditorLandscapeResources/LandscapeGizmoHeight_Mat.uexp" 78
"../../../Engine/Content/EditorLandscapeResources/DefaultAlphaTexture.uasset" 79
"../../../Engine/Content/EditorLandscapeResources/DefaultAlphaTexture.uexp" 80
"../../../Engine/Content/EditorSounds/Notifications/CompileFailed.uasset" 81
"../../../Engine/Content/EditorSounds/Notifications/CompileFailed.uexp" 82
"../../../Engine/Content/EditorSounds/Notifications/CompileFailed_Cue.uasset" 83
"../../../Engine/Content/EditorSounds/Notifications/CompileFailed_Cue.uexp" 84
"../../../Engine/Content/EditorSounds/Notifications/CompileSuccess.uasset" 85
"../../../Engine/Content/EditorSounds/Notifications/CompileSuccess.uexp" 86
"../../../Engine/Content/EditorSounds/Notifications/CompileStart_Cue.uasset" 87
"../../../Engine/Content/EditorSounds/Notifications/CompileStart_Cue.uexp" 88
"../../../Engine/Content/EditorMeshes/EditorCube.uasset" 89
"../../../Engine/Content/EditorMeshes/EditorCube.uexp" 90
"../../../Engine/Content/EditorMeshes/EditorPlane.uasset" 91
"../../../Engine/Content/EditorMeshes/EditorPlane.uexp" 92
"../../../Engine/Content/EditorResources/MatineeCam_D.uasset" 93
"../../../Engine/Content/EditorResources/MatineeCam_D.uexp" 94
"../../../Engine/Content/EditorMaterials/MatineeCam_mat.uasset" 95
"../../../Engine/Content/EditorMaterials/MatineeCam_mat.uexp" 96
"../../../Engine/Content/EditorMeshes/MatineeCam_SM.uasset" 97
"../../../Engine/Content/EditorMeshes/MatineeCam_SM.uexp" 98
"../../../Engine/Content/EditorMeshes/EditorCylinder.uasset" 99
"../../../Engine/Content/EditorMeshes/EditorCylinder.uexp" 100
"../../../Engine/Content/EditorMaterials/Thumbnails/SkySphereMaterial.uasset" 101
"../../../Engine/Content/EditorMaterials/Thumbnails/SkySphereMaterial.uexp" 102
"../../../Engine/Content/EditorMeshes/EditorSkySphere.uasset" 103
"../../../Engine/Content/EditorMeshes/EditorSkySphere.uexp" 104
"../../../Engine/Content/EngineMaterials/T_Default_Material_Grid_N.uasset" 105
"../../../Engine/Content/EngineMaterials/T_Default_Material_Grid_N.uexp" 106
"../../../Engine/Content/EngineMaterials/T_Default_Material_Grid_N.ubulk" 107
"../../../Engine/Content/EngineMaterials/T_Default_Material_Grid_M.uasset" 108
"../../../Engine/Content/EngineMaterials/T_Default_Material_Grid_M.uexp" 109
"../../../Engine/Content/EngineMaterials/T_Default_Material_Grid_M.ubulk" 110
"../../../Engine/Content/Functions/Engine_MaterialFunctions01/Opacity/CameraDepthFade.uasset" 111
"../../../Engine/Content/Functions/Engine_MaterialFunctions01/Opacity/CameraDepthFade.uexp" 112
"../../../Engine/Content/EngineMaterials/WorldGridMaterial.uasset" 113
"../../../Engine/Content/EngineMaterials/WorldGridMaterial.uexp" 114
"../../../Engine/Content/EditorMeshes/PlanarReflectionPlane.uasset" 115
"../../../Engine/Content/EditorMeshes/PlanarReflectionPlane.uexp" 116
"../../../Engine/Content/EditorMeshes/EditorSphere.uasset" 117
"../../../Engine/Content/EditorMeshes/EditorSphere.uexp" 118
"../../../Engine/Content/EditorMaterials/Camera/CineMat.uasset" 119
"../../../Engine/Content/EditorMaterials/Camera/CineMat.uexp" 120
"../../../Engine/Content/EditorMaterials/Camera/MI_CineMat_Rig.uasset" 121
"../../../Engine/Content/EditorMaterials/Camera/MI_CineMat_Rig.uexp" 122
"../../../Engine/Content/EditorMeshes/Camera/SM_CraneRig_Body.uasset" 123
"../../../Engine/Content/EditorMeshes/Camera/SM_CraneRig_Body.uexp" 124
"../../../Engine/Content/EditorMeshes/Camera/SM_RailRig_Mount.uasset" 125
"../../../Engine/Content/EditorMeshes/Camera/SM_RailRig_Mount.uexp" 126
"../../../Engine/Content/EngineDebugMaterials/M_SimpleOpaque.uasset" 127
"../../../Engine/Content/EngineDebugMaterials/M_SimpleOpaque.uexp" 128
"../../../Engine/Content/EditorMaterials/Camera/MI_CineMat_CamViewFinder.uasset" 129
"../../../Engine/Content/EditorMaterials/Camera/MI_CineMat_CamViewFinder.uexp" 130
"../../../Engine/Content/EditorMaterials/Camera/MI_CineMat_CameraBody.uasset" 131
"../../../Engine/Content/EditorMaterials/Camera/MI_CineMat_CameraBody.uexp" 132
"../../../Engine/Content/EditorMeshes/Camera/SM_CineCam.uasset" 133
"../../../Engine/Content/EditorMeshes/Camera/SM_CineCam.uexp" 134
"../../../Engine/Content/EditorMeshes/Camera/SM_CraneRig_Base.uasset" 135
"../../../Engine/Content/EditorMeshes/Camera/SM_CraneRig_Base.uexp" 136
"../../../Engine/Content/EditorMeshes/Camera/SM_CraneRig_Mount.uasset" 137
"../../../Engine/Content/EditorMeshes/Camera/SM_CraneRig_Mount.uexp" 138
"../../../Engine/Content/EditorMeshes/Camera/SM_CraneRig_Arm.uasset" 139
"../../../Engine/Content/EditorMeshes/Camera/SM_CraneRig_Arm.uexp" 140
"../../../Engine/Content/EditorMeshes/Camera/SM_RailRig_Track.uasset" 141
"../../../Engine/Content/EditorMeshes/Camera/SM_RailRig_Track.uexp" 142
"../../../Engine/Content/EditorMeshes/ColorCalibrator/M_ChromeBall.uasset" 143
"../../../Engine/Content/EditorMeshes/ColorCalibrator/M_ChromeBall.uexp" 144
"../../../Engine/Content/EngineFonts/Faces/RobotoTiny.uasset" 145
"../../../Engine/Content/EngineFonts/Faces/RobotoTiny.uexp" 146
"../../../Engine/Content/EngineFonts/Faces/RobotoTiny.ufont" 147
"../../../Engine/Content/EngineFonts/Faces/DroidSansFallback.uasset" 148
"../../../Engine/Content/EngineFonts/Faces/DroidSansFallback.uexp" 149
"../../../Engine/Content/EngineFonts/Faces/DroidSansFallback.ufont" 150
"../../../Engine/Content/EngineFonts/RobotoTiny.uasset" 151
"../../../Engine/Content/EngineFonts/RobotoTiny.uexp" 152
"../../../Engine/Content/EngineFonts/SmallFont.uasset" 153
"../../../Engine/Content/EngineFonts/SmallFont.uexp" 154
"../../../Engine/Content/EngineFonts/Faces/RobotoRegular.uasset" 155
"../../../Engine/Content/EngineFonts/Faces/RobotoRegular.uexp" 156
"../../../Engine/Content/EngineFonts/Faces/RobotoRegular.ufont" 157
"../../../Engine/Content/EngineFonts/Faces/RobotoLight.uasset" 158
"../../../Engine/Content/EngineFonts/Faces/RobotoLight.uexp" 159
"../../../Engine/Content/EngineFonts/Faces/RobotoLight.ufont" 160
"../../../Engine/Content/EngineFonts/Faces/RobotoItalic.uasset" 161
"../../../Engine/Content/EngineFonts/Faces/RobotoItalic.uexp" 162
"../../../Engine/Content/EngineFonts/Faces/RobotoItalic.ufont" 163
"../../../Engine/Content/EngineFonts/Faces/RobotoBoldItalic.uasset" 164
"../../../Engine/Content/EngineFonts/Faces/RobotoBoldItalic.uexp" 165
"../../../Engine/Content/EngineFonts/Faces/RobotoBoldItalic.ufont" 166
"../../../Engine/Content/EngineFonts/Faces/RobotoBold.uasset" 167
"../../../Engine/Content/EngineFonts/Faces/RobotoBold.uexp" 168
"../../../Engine/Content/EngineFonts/Faces/RobotoBold.ufont" 169
"../../../Engine/Content/EngineFonts/Roboto.uasset" 170
"../../../Engine/Content/EngineFonts/Roboto.uexp" 171
"../../../Engine/Content/EngineFonts/TinyFont.uasset" 172
"../../../Engine/Content/EngineFonts/TinyFont.uexp" 173
"../../../Engine/Content/EngineDamageTypes/DmgTypeBP_Environmental.uasset" 174
"../../../Engine/Content/EngineDamageTypes/DmgTypeBP_Environmental.uexp" 175
"../../../Engine/Content/ArtTools/RenderToTexture/Meshes/S_1_Unit_Plane.uasset" 176
"../../../Engine/Content/ArtTools/RenderToTexture/Meshes/S_1_Unit_Plane.uexp" 177
"../../../Engine/Content/Animation/DefaultAnimCurveCompressionSettings.uasset" 178
"../../../Engine/Content/Animation/DefaultAnimCurveCompressionSettings.uexp" 179
"../../../Engine/Content/Animation/DefaultAnimBoneCompressionSettings.uasset" 180
"../../../Engine/Content/Animation/DefaultAnimBoneCompressionSettings.uexp" 181
"../../../Engine/Content/EngineMaterials/DefaultCalibrationGrayscale.uasset" 182
"../../../Engine/Content/EngineMaterials/DefaultCalibrationGrayscale.uexp" 183
"../../../Engine/Content/EngineMaterials/PPM_DefaultCalibrationGrayscale.uasset" 184
"../../../Engine/Content/EngineMaterials/PPM_DefaultCalibrationGrayscale.uexp" 185
"../../../Engine/Content/EngineResources/WhiteSquareTexture.uasset" 186
"../../../Engine/Content/EngineResources/WhiteSquareTexture.uexp" 187
"../../../Engine/Content/EngineMaterials/Widget3DPassThrough.uasset" 188
"../../../Engine/Content/EngineMaterials/Widget3DPassThrough.uexp" 189
"../../../Engine/Content/EngineMaterials/Widget3DPassThrough_Masked.uasset" 190
"../../../Engine/Content/EngineMaterials/Widget3DPassThrough_Masked.uexp" 191
"../../../Engine/Content/EngineMaterials/WeightMapPlaceholderTexture.uasset" 192
"../../../Engine/Content/EngineMaterials/WeightMapPlaceholderTexture.uexp" 193
"../../../Engine/Content/EngineMaterials/Widget3DPassThrough_Translucent.uasset" 194
"../../../Engine/Content/EngineMaterials/Widget3DPassThrough_Translucent.uexp" 195
"../../../Engine/Content/EngineMaterials/Widget3DPassThrough_Translucent_OneSided.uasset" 196
"../../../Engine/Content/EngineMaterials/Widget3DPassThrough_Translucent_OneSided.uexp" 197
"../../../Engine/Content/EngineMaterials/PaperDiffuse.uasset" 198
"../../../Engine/Content/EngineMaterials/PaperDiffuse.uexp" 199
"../../../Engine/Content/EngineMaterials/BlinkingCaret.uasset" 200
"../../../Engine/Content/EngineMaterials/BlinkingCaret.uexp" 201
"../../../Engine/Content/EngineMaterials/DefaultCalibrationColor.uasset" 202
"../../../Engine/Content/EngineMaterials/DefaultCalibrationColor.uexp" 203
"../../../Engine/Content/EngineMaterials/PPM_DefaultCalibrationColor.uasset" 204
"../../../Engine/Content/EngineMaterials/PPM_DefaultCalibrationColor.uexp" 205
"../../../Engine/Content/EngineMaterials/EditorBrushMaterial.uasset" 206
"../../../Engine/Content/EngineMaterials/EditorBrushMaterial.uexp" 207
"../../../Engine/Content/EngineMaterials/PaperNormal.uasset" 208
"../../../Engine/Content/EngineMaterials/PaperNormal.uexp" 209
"../../../Engine/Content/Functions/Engine_MaterialFunctions02/WorldPositionOffset/CameraOffset.uasset" 210
"../../../Engine/Content/Functions/Engine_MaterialFunctions02/WorldPositionOffset/CameraOffset.uexp" 211
"../../../Engine/Content/EngineMaterials/PhAT_JointLimitMaterial.uasset" 212
"../../../Engine/Content/EngineMaterials/PhAT_JointLimitMaterial.uexp" 213
"../../../Engine/Content/EngineMaterials/GizmoMaterial.uasset" 214
"../../../Engine/Content/EngineMaterials/GizmoMaterial.uexp" 215
"../../../Engine/Content/EngineMaterials/DefaultNormal.uasset" 216
"../../../Engine/Content/EngineMaterials/DefaultNormal.uexp" 217
"../../../Engine/Content/EngineMaterials/DefaultNormal.ubulk" 218
"../../../Engine/Content/Functions/Engine_MaterialFunctions02/Utility/BreakOutFloat2Components.uasset" 219
"../../../Engine/Content/Functions/Engine_MaterialFunctions02/Utility/BreakOutFloat2Components.uexp" 220
"../../../Engine/Content/EngineMaterials/HighResScreenshotCaptureRegion.uasset" 221
"../../../Engine/Content/EngineMaterials/HighResScreenshotCaptureRegion.uexp" 222
"../../../Engine/Content/EngineMaterials/LandscapeHolePhysicalMaterial.uasset" 223
"../../../Engine/Content/EngineMaterials/LandscapeHolePhysicalMaterial.uexp" 224
"../../../Engine/Content/EngineMaterials/BlueNoise.uasset" 225
"../../../Engine/Content/EngineMaterials/BlueNoise.uexp" 226
"../../../Engine/Content/EngineMaterials/DefaultWhiteGrid_Low.uasset" 227
"../../../Engine/Content/EngineMaterials/DefaultWhiteGrid_Low.uexp" 228
"../../../Engine/Content/EngineMaterials/EmissiveMeshMaterial.uasset" 229
"../../../Engine/Content/EngineMaterials/EmissiveMeshMaterial.uexp" 230
"../../../Engine/Content/EngineMaterials/Widget3DPassThrough_Opaque.uasset" 231
"../../../Engine/Content/EngineMaterials/Widget3DPassThrough_Opaque.uexp" 232
"../../../Engine/Content/EngineMaterials/Widget3DPassThrough_Masked_OneSided.uasset" 233
"../../../Engine/Content/EngineMaterials/Widget3DPassThrough_Masked_OneSided.uexp" 234
"../../../Engine/Content/EngineMaterials/DefaultBloomKernel.uasset" 235
"../../../Engine/Content/EngineMaterials/DefaultBloomKernel.uexp" 236
"../../../Engine/Content/EngineMaterials/HighResolutionScreenshotMaskFunction.uasset" 237
"../../../Engine/Content/EngineMaterials/HighResolutionScreenshotMaskFunction.uexp" 238
"../../../Engine/Content/EngineMaterials/HighResScreenshot.uasset" 239
"../../../Engine/Content/EngineMaterials/HighResScreenshot.uexp" 240
"../../../Engine/Content/EngineMaterials/RemoveSurfaceMaterial.uasset" 241
"../../../Engine/Content/EngineMaterials/RemoveSurfaceMaterial.uexp" 242
"../../../Engine/Content/EngineMaterials/DefaultDiffuse.uasset" 243
"../../../Engine/Content/EngineMaterials/DefaultDiffuse.uexp" 244
"../../../Engine/Content/EngineMaterials/DefaultDiffuse.ubulk" 245
"../../../Engine/Content/EngineMaterials/DefaultDeferredDecalMaterial.uasset" 246
"../../../Engine/Content/EngineMaterials/DefaultDeferredDecalMaterial.uexp" 247
"../../../Engine/Content/EngineMaterials/DefaultPostProcessMaterial.uasset" 248
"../../../Engine/Content/EngineMaterials/DefaultPostProcessMaterial.uexp" 249
"../../../Engine/Content/Functions/Engine_MaterialFunctions02/Utility/MakeFloat3.uasset" 250
"../../../Engine/Content/Functions/Engine_MaterialFunctions02/Utility/MakeFloat3.uexp" 251
"../../../Engine/Content/Functions/Engine_MaterialFunctions01/ImageAdjustment/sRGBToLinear.uasset" 252
"../../../Engine/Content/Functions/Engine_MaterialFunctions01/ImageAdjustment/sRGBToLinear.uexp" 253
"../../../Engine/Content/Functions/Engine_MaterialFunctions02/Utility/BreakOutFloat3Components.uasset" 254
"../../../Engine/Content/Functions/Engine_MaterialFunctions02/Utility/BreakOutFloat3Components.uexp" 255
"../../../Engine/Content/EngineMaterials/Widget3DCameraPassThrough_Opaque_OneSided.uasset" 256
"../../../Engine/Content/EngineMaterials/Widget3DCameraPassThrough_Opaque_OneSided.uexp" 257
"../../../Engine/Content/EngineMaterials/BaseFlattenNormalMap.uasset" 258
"../../../Engine/Content/EngineMaterials/BaseFlattenNormalMap.uexp" 259
"../../../Engine/Content/EngineMaterials/BaseFlattenEmissiveMap.uasset" 260
"../../../Engine/Content/EngineMaterials/BaseFlattenEmissiveMap.uexp" 261
"../../../Engine/Content/EngineMaterials/BaseFlattenGrayscaleMap.uasset" 262
"../../../Engine/Content/EngineMaterials/BaseFlattenGrayscaleMap.uexp" 263
"../../../Engine/Content/EngineMaterials/BaseFlattenDiffuseMap.uasset" 264
"../../../Engine/Content/EngineMaterials/BaseFlattenDiffuseMap.uexp" 265
"../../../Engine/Content/EngineMaterials/BaseFlattenMaterial.uasset" 266
"../../../Engine/Content/EngineMaterials/BaseFlattenMaterial.uexp" 267
"../../../Engine/Content/EngineMaterials/InvalidLightmapSettings.uasset" 268
"../../../Engine/Content/EngineMaterials/InvalidLightmapSettings.uexp" 269
"../../../Engine/Content/EngineMaterials/InvalidLightmapSettings.ubulk" 270
"../../../Engine/Content/EngineMaterials/M_InvalidLightmapSettings.uasset" 271
"../../../Engine/Content/EngineMaterials/M_InvalidLightmapSettings.uexp" 272
"../../../Engine/Content/EngineMaterials/HighResScreenshotMask.uasset" 273
"../../../Engine/Content/EngineMaterials/HighResScreenshotMask.uexp" 274
"../../../Engine/Content/EngineMaterials/Good64x64TilingNoiseHighFreq.uasset" 275
"../../../Engine/Content/EngineMaterials/Good64x64TilingNoiseHighFreq.uexp" 276
"../../../Engine/Content/Functions/Engine_MaterialFunctions02/Texturing/ScreenAlignedPixelToPixelUVs.uasset" 277
"../../../Engine/Content/Functions/Engine_MaterialFunctions02/Texturing/ScreenAlignedPixelToPixelUVs.uexp" 278
"../../../Engine/Content/Functions/Engine_MaterialFunctions02/Utility/DitherTemporalAA.uasset" 279
"../../../Engine/Content/Functions/Engine_MaterialFunctions02/Utility/DitherTemporalAA.uexp" 280
"../../../Engine/Content/EngineFonts/RobotoDistanceField.uasset" 281
"../../../Engine/Content/EngineFonts/RobotoDistanceField.uexp" 282
"../../../Engine/Content/EngineMaterials/DefaultTextMaterialOpaque.uasset" 283
"../../../Engine/Content/EngineMaterials/DefaultTextMaterialOpaque.uexp" 284
"../../../Engine/Content/EngineMaterials/PreintegratedSkinBRDF.uasset" 285
"../../../Engine/Content/EngineMaterials/PreintegratedSkinBRDF.uexp" 286
"../../../Engine/Content/EngineMaterials/Widget3DPassThrough_Opaque_OneSided.uasset" 287
"../../../Engine/Content/EngineMaterials/Widget3DPassThrough_Opaque_OneSided.uexp" 288
"../../../Engine/Content/EngineMaterials/PhysMat_Rubber.uasset" 289
"../../../Engine/Content/EngineMaterials/PhysMat_Rubber.uexp" 290
"../../../Engine/Content/EngineMaterials/DefaultBokeh.uasset" 291
"../../../Engine/Content/EngineMaterials/DefaultBokeh.uexp" 292
"../../../Engine/Content/EngineMaterials/DefaultLightFunctionMaterial.uasset" 293
"../../../Engine/Content/EngineMaterials/DefaultLightFunctionMaterial.uexp" 294
"../../../Engine/Content/EngineMaterials/Grid_N.uasset" 295
"../../../Engine/Content/EngineMaterials/Grid_N.uexp" 296
"../../../Engine/Content/EngineMaterials/Grid_N.ubulk" 297
"../../../Engine/Content/EngineDebugMaterials/DebugEditorMaterial.uasset" 298
"../../../Engine/Content/EngineDebugMaterials/DebugEditorMaterial.uexp" 299
"../../../Engine/Content/Functions/Engine_MaterialFunctions01/Shading/ConvertFromDiffSpec.uasset" 300
"../../../Engine/Content/Functions/Engine_MaterialFunctions01/Shading/ConvertFromDiffSpec.uexp" 301
"../../../Engine/Content/EngineDebugMaterials/VertexColorMaterial.uasset" 302
"../../../Engine/Content/EngineDebugMaterials/VertexColorMaterial.uexp" 303
"../../../Engine/Content/EngineDebugMaterials/GeomMaterial.uasset" 304
"../../../Engine/Content/EngineDebugMaterials/GeomMaterial.uexp" 305
"../../../Engine/Content/EngineDebugMaterials/WireframeMaterial.uasset" 306
"../../../Engine/Content/EngineDebugMaterials/WireframeMaterial.uexp" 307
"../../../Engine/Content/EngineDebugMaterials/HeatmapGradient.uasset" 308
"../../../Engine/Content/EngineDebugMaterials/HeatmapGradient.uexp" 309
"../../../Engine/Content/EngineDebugMaterials/HeatmapGradient.ubulk" 310
"../../../Engine/Content/EngineDebugMaterials/BoneWeightMaterial.uasset" 311
"../../../Engine/Content/EngineDebugMaterials/BoneWeightMaterial.uexp" 312
"../../../Engine/Content/EngineDebugMaterials/VolumeToRender.uasset" 313
"../../../Engine/Content/EngineDebugMaterials/VolumeToRender.uexp" 314
"../../../Engine/Content/Functions/Engine_MaterialFunctions02/Utility/CameraDirectionVector.uasset" 315
"../../../Engine/Content/Functions/Engine_MaterialFunctions02/Utility/CameraDirectionVector.uexp" 316
"../../../Engine/Content/EngineDebugMaterials/M_VolumeRenderSphereTracePP.uasset" 317
"../../../Engine/Content/EngineDebugMaterials/M_VolumeRenderSphereTracePP.uexp" 318
"../../../Engine/Content/EngineDebugMaterials/VertexColorViewMode_BlueOnly.uasset" 319
"../../../Engine/Content/EngineDebugMaterials/VertexColorViewMode_BlueOnly.uexp" 320
"../../../Engine/Content/EngineDebugMaterials/LevelColorationLitMaterial.uasset" 321
"../../../Engine/Content/EngineDebugMaterials/LevelColorationLitMaterial.uexp" 322
"../../../Engine/Content/EngineDebugMaterials/VertexColorViewMode_AlphaAsColor.uasset" 323
"../../../Engine/Content/EngineDebugMaterials/VertexColorViewMode_AlphaAsColor.uexp" 324
"../../../Engine/Content/EngineDebugMaterials/VertexColorViewMode_RedOnly.uasset" 325
"../../../Engine/Content/EngineDebugMaterials/VertexColorViewMode_RedOnly.uexp" 326
"../../../Engine/Content/EngineDebugMaterials/ShadedLevelColorationUnlitMateri.uasset" 327
"../../../Engine/Content/EngineDebugMaterials/ShadedLevelColorationUnlitMateri.uexp" 328
"../../../Engine/Content/EngineDebugMaterials/ClothMaterial.uasset" 329
"../../../Engine/Content/EngineDebugMaterials/ClothMaterial.uexp" 330
"../../../Engine/Content/EngineDebugMaterials/ClothMaterial_WF.uasset" 331
"../../../Engine/Content/EngineDebugMaterials/ClothMaterial_WF.uexp" 332
"../../../Engine/Content/EngineDebugMaterials/PhysicalMaterialMaskMaterial.uasset" 333
"../../../Engine/Content/EngineDebugMaterials/PhysicalMaterialMaskMaterial.uexp" 334
"../../../Engine/Content/EngineDebugMaterials/M_SimpleUnlitTranslucent.uasset" 335
"../../../Engine/Content/EngineDebugMaterials/M_SimpleUnlitTranslucent.uexp" 336
"../../../Engine/Content/EngineDebugMaterials/VertexColorViewMode_GreenOnly.uasset" 337
"../../../Engine/Content/EngineDebugMaterials/VertexColorViewMode_GreenOnly.uexp" 338
"../../../Engine/Content/EngineMaterials/DefaultWhiteGrid.uasset" 339
"../../../Engine/Content/EngineMaterials/DefaultWhiteGrid.uexp" 340
"../../../Engine/Content/EngineMaterials/DefaultWhiteGrid.ubulk" 341
"../../../Engine/Content/EngineDebugMaterials/MAT_LevelColorationLitLightmapUV.uasset" 342
"../../../Engine/Content/EngineDebugMaterials/MAT_LevelColorationLitLightmapUV.uexp" 343
"../../../Engine/Content/EngineDebugMaterials/DebugMeshMaterial.uasset" 344
"../../../Engine/Content/EngineDebugMaterials/DebugMeshMaterial.uexp" 345
"../../../Engine/Content/EngineDebugMaterials/VertexColorViewMode_ColorOnly.uasset" 346
"../../../Engine/Content/EngineDebugMaterials/VertexColorViewMode_ColorOnly.uexp" 347
"../../../Engine/Content/EngineDebugMaterials/LevelColorationUnlitMaterial.uasset" 348
"../../../Engine/Content/EngineDebugMaterials/LevelColorationUnlitMaterial.uexp" 349
"../../../Engine/Content/EngineDebugMaterials/ShadedLevelColorationLitMaterial.uasset" 350
"../../../Engine/Content/EngineDebugMaterials/ShadedLevelColorationLitMaterial.uexp" 351
"../../../Engine/Content/EditorResources/S_Emitter.uasset" 352
"../../../Engine/Content/EditorResources/S_Emitter.uexp" 353
"../../../Engine/Content/EditorResources/S_Emitter.ubulk" 354
"../../../Engine/Content/EditorResources/S_LevelSequence.uasset" 355
"../../../Engine/Content/EditorResources/S_LevelSequence.uexp" 356
"../../../Engine/Content/EditorResources/S_LevelSequence.ubulk" 357
"../../../Engine/Content/EditorResources/S_Thruster.uasset" 358
"../../../Engine/Content/EditorResources/S_Thruster.uexp" 359
"../../../Engine/Content/EditorResources/S_Thruster.ubulk" 360
"../../../Engine/Content/EditorResources/S_WindDirectional.uasset" 361
"../../../Engine/Content/EditorResources/S_WindDirectional.uexp" 362
"../../../Engine/Content/EditorResources/S_WindDirectional.ubulk" 363
"../../../Engine/Content/EditorResources/S_KBSJoint.uasset" 364
"../../../Engine/Content/EditorResources/S_KBSJoint.uexp" 365
"../../../Engine/Content/EditorResources/S_KBSJoint.ubulk" 366
"../../../Engine/Content/EditorResources/S_ReflActorIcon.uasset" 367
"../../../Engine/Content/EditorResources/S_ReflActorIcon.uexp" 368
"../../../Engine/Content/EditorResources/S_ReflActorIcon.ubulk" 369
"../../../Engine/Content/EditorResources/Bad.uasset" 370
"../../../Engine/Content/EditorResources/Bad.uexp" 371
"../../../Engine/Content/EditorResources/Bad.ubulk" 372
"../../../Engine/Content/EditorResources/S_SkyAtmosphere.uasset" 373
"../../../Engine/Content/EditorResources/S_SkyAtmosphere.uexp" 374
"../../../Engine/Content/EditorResources/S_SkyAtmosphere.ubulk" 375
"../../../Engine/Content/EditorResources/S_DecalActorIcon.uasset" 376
"../../../Engine/Content/EditorResources/S_DecalActorIcon.uexp" 377
"../../../Engine/Content/EditorResources/S_DecalActorIcon.ubulk" 378
"../../../Engine/Content/EditorResources/SmallFont.uasset" 379
"../../../Engine/Content/EditorResources/SmallFont.uexp" 380
"../../../Engine/Content/EditorResources/S_Player.uasset" 381
"../../../Engine/Content/EditorResources/S_Player.uexp" 382
"../../../Engine/Content/EditorResources/S_Player.ubulk" 383
"../../../Engine/Content/EditorResources/S_KPrismatic.uasset" 384
"../../../Engine/Content/EditorResources/S_KPrismatic.uexp" 385
"../../../Engine/Content/EditorResources/S_KPrismatic.ubulk" 386
"../../../Engine/Content/EditorResources/S_Note.uasset" 387
"../../../Engine/Content/EditorResources/S_Note.uexp" 388
"../../../Engine/Content/EditorResources/S_Note.ubulk" 389
"../../../Engine/Content/EditorResources/S_VectorFieldVol.uasset" 390
"../../../Engine/Content/EditorResources/S_VectorFieldVol.uexp" 391
"../../../Engine/Content/EditorResources/S_VectorFieldVol.ubulk" 392
"../../../Engine/Content/EditorResources/S_CameraShakeSource.uasset" 393
"../../../Engine/Content/EditorResources/S_CameraShakeSource.uexp" 394
"../../../Engine/Content/EditorResources/S_Solver.uasset" 395
"../../../Engine/Content/EditorResources/S_Solver.uexp" 396
"../../../Engine/Content/EditorResources/S_Solver.ubulk" 397
"../../../Engine/Content/EditorResources/S_NavP.uasset" 398
"../../../Engine/Content/EditorResources/S_NavP.uexp" 399
"../../../Engine/Content/EditorResources/S_NavP.ubulk" 400
"../../../Engine/Content/EditorResources/S_KHinge.uasset" 401
"../../../Engine/Content/EditorResources/S_KHinge.uexp" 402
"../../../Engine/Content/EditorResources/S_KHinge.ubulk" 403
"../../../Engine/Content/EditorResources/S_ExpoHeightFog.uasset" 404
"../../../Engine/Content/EditorResources/S_ExpoHeightFog.uexp" 405
"../../../Engine/Content/EditorResources/S_ExpoHeightFog.ubulk" 406
"../../../Engine/Content/EditorResources/S_FTest.uasset" 407
"../../../Engine/Content/EditorResources/S_FTest.uexp" 408
"../../../Engine/Content/EditorResources/S_PortalActorIcon2.uasset" 409
"../../../Engine/Content/EditorResources/S_PortalActorIcon2.uexp" 410
"../../../Engine/Content/EditorResources/S_PortalActorIcon2.ubulk" 411
"../../../Engine/Content/EditorResources/SceneManager.uasset" 412
"../../../Engine/Content/EditorResources/SceneManager.uexp" 413
"../../../Engine/Content/EditorResources/SceneManager.ubulk" 414
"../../../Engine/Content/EditorResources/S_TextRenderActorIcon.uasset" 415
"../../../Engine/Content/EditorResources/S_TextRenderActorIcon.uexp" 416
"../../../Engine/Content/EditorResources/S_TextRenderActorIcon.ubulk" 417
"../../../Engine/Content/EditorResources/S_RadForce.uasset" 418
"../../../Engine/Content/EditorResources/S_RadForce.uexp" 419
"../../../Engine/Content/EditorResources/S_RadForce.ubulk" 420
"../../../Engine/Content/EditorResources/S_Terrain.uasset" 421
"../../../Engine/Content/EditorResources/S_Terrain.uexp" 422
"../../../Engine/Content/EditorResources/S_Terrain.ubulk" 423
"../../../Engine/Content/EditorResources/S_Trigger.uasset" 424
"../../../Engine/Content/EditorResources/S_Trigger.uexp" 425
"../../../Engine/Content/EditorResources/S_Trigger.ubulk" 426
"../../../Engine/Content/EditorResources/S_VolumetricCloud.uasset" 427
"../../../Engine/Content/EditorResources/S_VolumetricCloud.uexp" 428
"../../../Engine/Content/EditorResources/S_VolumetricCloud.ubulk" 429
"../../../Engine/Content/EditorResources/S_Actor.uasset" 430
"../../../Engine/Content/EditorResources/S_Actor.uexp" 431
"../../../Engine/Content/EditorResources/S_Actor.ubulk" 432
"../../../Engine/Content/EditorResources/EmptyActor.uasset" 433
"../../../Engine/Content/EditorResources/EmptyActor.uexp" 434
"../../../Engine/Content/EditorResources/BSPVertex.uasset" 435
"../../../Engine/Content/EditorResources/BSPVertex.uexp" 436
"../../../Engine/Content/EditorResources/MatInstActSprite.uasset" 437
"../../../Engine/Content/EditorResources/MatInstActSprite.uexp" 438
"../../../Engine/Content/EditorResources/MatInstActSprite.ubulk" 439
"../../../Engine/Content/EditorResources/SequenceRecorder/Countdown.uasset" 440
"../../../Engine/Content/EditorResources/SequenceRecorder/Countdown.uexp" 441
"../../../Engine/Content/EditorResources/SequenceRecorder/RecordingIndicator.uasset" 442
"../../../Engine/Content/EditorResources/SequenceRecorder/RecordingIndicator.uexp" 443
"../../../Engine/Content/EditorResources/AI/S_NavLink.uasset" 444
"../../../Engine/Content/EditorResources/AI/S_NavLink.uexp" 445
"../../../Engine/Content/EditorResources/Spline/T_Loft_Spline.uasset" 446
"../../../Engine/Content/EditorResources/Spline/T_Loft_Spline.uexp" 447
"../../../Engine/Content/EditorResources/LightIcons/S_LightError.uasset" 448
"../../../Engine/Content/EditorResources/LightIcons/S_LightError.uexp" 449
"../../../Engine/Content/EditorResources/LightIcons/S_LightSpot.uasset" 450
"../../../Engine/Content/EditorResources/LightIcons/S_LightSpot.uexp" 451
"../../../Engine/Content/EditorResources/LightIcons/S_LightSpotMove.uasset" 452
"../../../Engine/Content/EditorResources/LightIcons/S_LightSpotMove.uexp" 453
"../../../Engine/Content/EditorResources/LightIcons/SkyLight.uasset" 454
"../../../Engine/Content/EditorResources/LightIcons/SkyLight.uexp" 455
"../../../Engine/Content/EditorResources/LightIcons/S_LightPoint.uasset" 456
"../../../Engine/Content/EditorResources/LightIcons/S_LightPoint.uexp" 457
"../../../Engine/Content/EditorResources/LightIcons/S_LightPointMove.uasset" 458
"../../../Engine/Content/EditorResources/LightIcons/S_LightPointMove.uexp" 459
"../../../Engine/Content/EditorResources/LightIcons/S_LightDirectional.uasset" 460
"../../../Engine/Content/EditorResources/LightIcons/S_LightDirectional.uexp" 461
"../../../Engine/Content/EditorResources/LightIcons/S_LightDirectionalMove.uasset" 462
"../../../Engine/Content/EditorResources/LightIcons/S_LightDirectionalMove.uexp" 463
"../../../Engine/Content/EngineMaterials/DefaultMaterial.uasset" 464
"../../../Engine/Content/EngineMaterials/DefaultMaterial.uexp" 465
"../../../Engine/Content/BasicShapes/Cone.uasset" 466
"../../../Engine/Content/BasicShapes/Cone.uexp" 467
"../../../Engine/Content/BasicShapes/Cube.uasset" 468
"../../../Engine/Content/BasicShapes/Cube.uexp" 469
"../../../Engine/Content/BasicShapes/Plane.uasset" 470
"../../../Engine/Content/BasicShapes/Plane.uexp" 471
"../../../Engine/Content/BasicShapes/Sphere.uasset" 472
"../../../Engine/Content/BasicShapes/Sphere.uexp" 473
"../../../Engine/Content/Functions/Engine_MaterialFunctions02/Utility/MakeFloat2.uasset" 474
"../../../Engine/Content/Functions/Engine_MaterialFunctions02/Utility/MakeFloat2.uexp" 475
"../../../Engine/Content/Functions/Engine_MaterialFunctions02/ScreenResolution.uasset" 476
"../../../Engine/Content/Functions/Engine_MaterialFunctions02/ScreenResolution.uexp" 477
"../../../Engine/Content/Functions/Engine_MaterialFunctions01/Texturing/ScaleUVsByCenter.uasset" 478
"../../../Engine/Content/Functions/Engine_MaterialFunctions01/Texturing/ScaleUVsByCenter.uexp" 479
"../../../Engine/Content/Functions/Engine_MaterialFunctions02/Texturing/ScreenAlignedUVs.uasset" 480
"../../../Engine/Content/Functions/Engine_MaterialFunctions02/Texturing/ScreenAlignedUVs.uexp" 481
"../../../Engine/Content/EngineMaterials/MiniFont.uasset" 482
"../../../Engine/Content/EngineMaterials/MiniFont.uexp" 483
"../../../Engine/Content/BufferVisualization/CustomStencil.uasset" 484
"../../../Engine/Content/BufferVisualization/CustomStencil.uexp" 485
"../../../Engine/Content/BufferVisualization/LightingModel.uasset" 486
"../../../Engine/Content/BufferVisualization/LightingModel.uexp" 487
"../../../Engine/Content/BufferVisualization/SubsurfaceColor.uasset" 488
"../../../Engine/Content/BufferVisualization/SubsurfaceColor.uexp" 489
"../../../Engine/Content/BufferVisualization/WorldNormal.uasset" 490
"../../../Engine/Content/BufferVisualization/WorldNormal.uexp" 491
"../../../Engine/Content/Functions/Engine_MaterialFunctions02/Utility/VectorLength.uasset" 492
"../../../Engine/Content/Functions/Engine_MaterialFunctions02/Utility/VectorLength.uexp" 493
"../../../Engine/Content/BufferVisualization/SceneDepthWorldUnits.uasset" 494
"../../../Engine/Content/BufferVisualization/SceneDepthWorldUnits.uexp" 495
"../../../Engine/Content/BufferVisualization/Opacity.uasset" 496
"../../../Engine/Content/BufferVisualization/Opacity.uexp" 497
"../../../Engine/Content/BufferVisualization/SeparateTranslucencyRGB.uasset" 498
"../../../Engine/Content/BufferVisualization/SeparateTranslucencyRGB.uexp" 499
"../../../Engine/Content/BufferVisualization/BaseColor.uasset" 500
"../../../Engine/Content/BufferVisualization/BaseColor.uexp" 501
"../../../Engine/Content/BufferVisualization/Metallic.uasset" 502
"../../../Engine/Content/BufferVisualization/Metallic.uexp" 503
"../../../Engine/Content/BufferVisualization/Velocity.uasset" 504
"../../../Engine/Content/BufferVisualization/Velocity.uexp" 505
"../../../Engine/Content/BufferVisualization/MaterialAO.uasset" 506
"../../../Engine/Content/BufferVisualization/MaterialAO.uexp" 507
"../../../Engine/Content/BufferVisualization/SeparateTranslucencyA.uasset" 508
"../../../Engine/Content/BufferVisualization/SeparateTranslucencyA.uexp" 509
"../../../Engine/Content/BufferVisualization/SceneDepth.uasset" 510
"../../../Engine/Content/BufferVisualization/SceneDepth.uexp" 511
"../../../Engine/Content/BufferVisualization/WorldTangent.uasset" 512
"../../../Engine/Content/BufferVisualization/WorldTangent.uexp" 513
"../../../Engine/Content/BufferVisualization/Specular.uasset" 514
"../../../Engine/Content/BufferVisualization/Specular.uexp" 515
"../../../Engine/Content/Functions/Engine_MaterialFunctions02/Utility/AppendMany.uasset" 516
"../../../Engine/Content/Functions/Engine_MaterialFunctions02/Utility/AppendMany.uexp" 517
"../../../Engine/Content/BufferVisualization/Anisotropy.uasset" 518
"../../../Engine/Content/BufferVisualization/Anisotropy.uexp" 519
"../../../Engine/Content/BufferVisualization/PostTonemapHDRColor.uasset" 520
"../../../Engine/Content/BufferVisualization/PostTonemapHDRColor.uexp" 521
"../../../Engine/Content/BufferVisualization/SceneColor.uasset" 522
"../../../Engine/Content/BufferVisualization/SceneColor.uexp" 523
"../../../Engine/Content/BufferVisualization/PreTonemapHDRColor.uasset" 524
"../../../Engine/Content/BufferVisualization/PreTonemapHDRColor.uexp" 525
"../../../Engine/Content/BufferVisualization/FinalImage.uasset" 526
"../../../Engine/Content/BufferVisualization/FinalImage.uexp" 527
"../../../Engine/Content/EngineMaterials/DefaultPhysicalMaterial.uasset" 528
"../../../Engine/Content/EngineMaterials/DefaultPhysicalMaterial.uexp" 529
"../../../Engine/Content/BufferVisualization/AmbientOcclusion.uasset" 530
"../../../Engine/Content/BufferVisualization/AmbientOcclusion.uexp" 531
"../../../Engine/Content/BufferVisualization/CustomDepth.uasset" 532
"../../../Engine/Content/BufferVisualization/CustomDepth.uexp" 533
"../../../Engine/Content/BufferVisualization/Roughness.uasset" 534
"../../../Engine/Content/BufferVisualization/Roughness.uexp" 535
"../../../Engine/Content/BufferVisualization/CustomDepthWorldUnits.uasset" 536
"../../../Engine/Content/BufferVisualization/CustomDepthWorldUnits.uexp" 537
"../../../Engine/Content/Functions/Engine_MaterialFunctions01/Shading/PowerToRoughness.uasset" 538
"../../../Engine/Content/Functions/Engine_MaterialFunctions01/Shading/PowerToRoughness.uexp" 539
"../../../Engine/Content/EditorMaterials/Tick.uasset" 540
"../../../Engine/Content/EditorMaterials/Tick.uexp" 541
"../../../Engine/Content/EditorMaterials/Tick_Mat.uasset" 542
"../../../Engine/Content/EditorMaterials/Tick_Mat.uexp" 543
"../../../Engine/Content/EditorMaterials/WidgetMaterial_X.uasset" 544
"../../../Engine/Content/EditorMaterials/WidgetMaterial_X.uexp" 545
"../../../Engine/Content/EditorMaterials/WidgetMaterial_Z.uasset" 546
"../../../Engine/Content/EditorMaterials/WidgetMaterial_Z.uexp" 547
"../../../Engine/Content/EditorMaterials/PreviewShadowIndicator.uasset" 548
"../../../Engine/Content/EditorMaterials/PreviewShadowIndicator.uexp" 549
"../../../Engine/Content/EditorMaterials/PreviewShadowIndicator.ubulk" 550
"../../../Engine/Content/EditorMaterials/PreviewShadowIndicatorMaterial.uasset" 551
"../../../Engine/Content/EditorMaterials/PreviewShadowIndicatorMaterial.uexp" 552
"../../../Engine/Content/EditorMaterials/WidgetMaterial.uasset" 553
"../../../Engine/Content/EditorMaterials/WidgetMaterial.uexp" 554
"../../../Engine/Content/EditorMaterials/PhAT_NoCollisionMaterial.uasset" 555
"../../../Engine/Content/EditorMaterials/PhAT_NoCollisionMaterial.uexp" 556
"../../../Engine/Content/EditorMaterials/PhAT_BoneSelectedMaterial.uasset" 557
"../../../Engine/Content/EditorMaterials/PhAT_BoneSelectedMaterial.uexp" 558
"../../../Engine/Content/EditorMaterials/Cross.uasset" 559
"../../../Engine/Content/EditorMaterials/Cross.uexp" 560
"../../../Engine/Content/EditorMaterials/Cross_Mat.uasset" 561
"../../../Engine/Content/EditorMaterials/Cross_Mat.uexp" 562
"../../../Engine/Content/EditorResources/T_EditorHelp.uasset" 563
"../../../Engine/Content/EditorResources/T_EditorHelp.uexp" 564
"../../../Engine/Content/EditorResources/T_EditorHelp.ubulk" 565
"../../../Engine/Content/Functions/Engine_MaterialFunctions02/ExampleContent/Textures/DebugNumberPeriod.uasset" 566
"../../../Engine/Content/Functions/Engine_MaterialFunctions02/ExampleContent/Textures/DebugNumberPeriod.uexp" 567
"../../../Engine/Content/Functions/Engine_MaterialFunctions02/ExampleContent/DebugNumberStrip.uasset" 568
"../../../Engine/Content/Functions/Engine_MaterialFunctions02/ExampleContent/DebugNumberStrip.uexp" 569
"../../../Engine/Content/Functions/Engine_MaterialFunctions01/Texturing/ComputeMipLevel.uasset" 570
"../../../Engine/Content/Functions/Engine_MaterialFunctions01/Texturing/ComputeMipLevel.uexp" 571
"../../../Engine/Content/Functions/Engine_MaterialFunctions01/Texturing/TextureCropping.uasset" 572
"../../../Engine/Content/Functions/Engine_MaterialFunctions01/Texturing/TextureCropping.uexp" 573
"../../../Engine/Content/Functions/Engine_MaterialFunctions02/Utility/DebugScalarValues.uasset" 574
"../../../Engine/Content/Functions/Engine_MaterialFunctions02/Utility/DebugScalarValues.uexp" 575
"../../../Engine/Content/Functions/Engine_MaterialFunctions02/Utility/DebugFloat2Values.uasset" 576
"../../../Engine/Content/Functions/Engine_MaterialFunctions02/Utility/DebugFloat2Values.uexp" 577
"../../../Engine/Content/Functions/Engine_MaterialFunctions02/ExampleContent/Textures/flipbook.uasset" 578
"../../../Engine/Content/Functions/Engine_MaterialFunctions02/ExampleContent/Textures/flipbook.uexp" 579
"../../../Engine/Content/Functions/Engine_MaterialFunctions02/ExampleContent/Textures/flipbook.ubulk" 580
"../../../Engine/Content/Functions/Engine_MaterialFunctions02/Texturing/FlipBook.uasset" 581
"../../../Engine/Content/Functions/Engine_MaterialFunctions02/Texturing/FlipBook.uexp" 582
"../../../Engine/Content/Functions/Engine_MaterialFunctions02/Utility/Sign.uasset" 583
"../../../Engine/Content/Functions/Engine_MaterialFunctions02/Utility/Sign.uexp" 584
"../../../Engine/Content/Functions/Engine_MaterialFunctions02/Utility/Round.uasset" 585
"../../../Engine/Content/Functions/Engine_MaterialFunctions02/Utility/Round.uexp" 586
"../../../Engine/Content/EditorMaterials/HelpActorMaterial.uasset" 587
"../../../Engine/Content/EditorMaterials/HelpActorMaterial.uexp" 588
"../../../Engine/Content/EditorMaterials/WidgetMaterial_Y.uasset" 589
"../../../Engine/Content/EditorMaterials/WidgetMaterial_Y.uexp" 590
"../../../Engine/Content/EditorMaterials/TargetIcon.uasset" 591
"../../../Engine/Content/EditorMaterials/TargetIcon.uexp" 592
"../../../Engine/Content/EditorMaterials/TargetIcon.ubulk" 593
"../../../Engine/Content/EditorMaterials/WidgetVertexColorMaterial.uasset" 594
"../../../Engine/Content/EditorMaterials/WidgetVertexColorMaterial.uexp" 595
"../../../Engine/Content/EditorMaterials/WidgetMaterial_Current.uasset" 596
"../../../Engine/Content/EditorMaterials/WidgetMaterial_Current.uexp" 597
"../../../Engine/Content/EditorMaterials/TilingAALineIntegral.uasset" 598
"../../../Engine/Content/EditorMaterials/TilingAALineIntegral.uexp" 599
"../../../Engine/Content/EditorMaterials/TilingAALineBoxFiltered.uasset" 600
"../../../Engine/Content/EditorMaterials/TilingAALineBoxFiltered.uexp" 601
"../../../Engine/Content/EngineMaterials/BlendFunc_DefBase.uasset" 602
"../../../Engine/Content/EngineMaterials/BlendFunc_DefBase.uexp" 603
"../../../Engine/Content/EngineMaterials/BlendFunc_DefBlend.uasset" 604
"../../../Engine/Content/EngineMaterials/BlendFunc_DefBlend.uexp" 605
"../../../Engine/Content/Functions/Engine_MaterialFunctions03/Blends/Blend_Screen.uasset" 606
"../../../Engine/Content/Functions/Engine_MaterialFunctions03/Blends/Blend_Screen.uexp" 607
"../../../Engine/Content/Functions/Engine_MaterialFunctions03/Procedurals/ComputeFilterWidth.uasset" 608
"../../../Engine/Content/Functions/Engine_MaterialFunctions03/Procedurals/ComputeFilterWidth.uexp" 609
"../../../Engine/Content/EditorMaterials/TilingAAGrid.uasset" 610
"../../../Engine/Content/EditorMaterials/TilingAAGrid.uexp" 611
"../../../Engine/Content/EditorMaterials/CompositeARGBLayer.uasset" 612
"../../../Engine/Content/EditorMaterials/CompositeARGBLayer.uexp" 613
"../../../Engine/Content/EditorMaterials/TilingAADots.uasset" 614
"../../../Engine/Content/EditorMaterials/TilingAADots.uexp" 615
"../../../Engine/Content/EditorMaterials/LevelGridMaterial.uasset" 616
"../../../Engine/Content/EditorMaterials/LevelGridMaterial.uexp" 617
"../../../Engine/Content/EditorMaterials/MAT_Groups_Toggle.uasset" 618
"../../../Engine/Content/EditorMaterials/MAT_Groups_Toggle.uexp" 619
"../../../Engine/Content/EditorMaterials/PhAT_ElemSelectedMaterial.uasset" 620
"../../../Engine/Content/EditorMaterials/PhAT_ElemSelectedMaterial.uexp" 621
"../../../Engine/Content/EditorMaterials/WidgetGridVertexColorMaterial.uasset" 622
"../../../Engine/Content/EditorMaterials/WidgetGridVertexColorMaterial.uexp" 623
"../../../Engine/Content/EditorMaterials/WidgetGridVertexColorMaterial.ubulk" 624
"../../../Engine/Content/EditorMaterials/WidgetGridVertexColorMaterial_Ma.uasset" 625
"../../../Engine/Content/EditorMaterials/WidgetGridVertexColorMaterial_Ma.uexp" 626
"../../../Engine/Content/EditorMaterials/PhAT_UnselectedMaterial.uasset" 627
"../../../Engine/Content/EditorMaterials/PhAT_UnselectedMaterial.uexp" 628
"../../../Engine/Content/EditorMaterials/MAT_Groups_Visibility.uasset" 629
"../../../Engine/Content/EditorMaterials/MAT_Groups_Visibility.uexp" 630
"../../../Engine/Content/EditorResources/LevelGrid1DStripes.uasset" 631
"../../../Engine/Content/EditorResources/LevelGrid1DStripes.uexp" 632
"../../../Engine/Content/EditorMaterials/TextureGridCascaded1D.uasset" 633
"../../../Engine/Content/EditorMaterials/TextureGridCascaded1D.uexp" 634
"../../../Engine/Content/EditorMaterials/TextureGridCascaded2D.uasset" 635
"../../../Engine/Content/EditorMaterials/TextureGridCascaded2D.uexp" 636
"../../../Engine/Content/EditorMaterials/MakeCompositeARGBLayer.uasset" 637
"../../../Engine/Content/EditorMaterials/MakeCompositeARGBLayer.uexp" 638
"../../../Engine/Content/EditorMaterials/LevelGridMaterial2.uasset" 639
"../../../Engine/Content/EditorMaterials/LevelGridMaterial2.uexp" 640
"../../../Engine/Content/EditorMaterials/ParticleSystems/PSysThumbnail_NoImage.uasset" 641
"../../../Engine/Content/EditorMaterials/ParticleSystems/PSysThumbnail_NoImage.uexp" 642
"../../../Engine/Content/EditorMaterials/ParticleSystems/PSysThumbnail_NoImage.ubulk" 643
"../../../Engine/Content/EditorMaterials/ParticleSystems/PSysThumbnail_OOD.uasset" 644
"../../../Engine/Content/EditorMaterials/ParticleSystems/PSysThumbnail_OOD.uexp" 645
"../../../Engine/Content/EditorMaterials/ParticleSystems/PSysThumbnail_OOD.ubulk" 646
"../../../Engine/Content/EditorMaterials/MatineeGroups/MAT_Groups_Vector.uasset" 647
"../../../Engine/Content/EditorMaterials/MatineeGroups/MAT_Groups_Vector.uexp" 648
"../../../Engine/Content/EditorMaterials/MatineeGroups/MAT_ColorTrack.uasset" 649
"../../../Engine/Content/EditorMaterials/MatineeGroups/MAT_ColorTrack.uexp" 650
"../../../Engine/Content/EditorMaterials/MatineeGroups/MAT_Groups_AudioMaster.uasset" 651
"../../../Engine/Content/EditorMaterials/MatineeGroups/MAT_Groups_AudioMaster.uexp" 652
"../../../Engine/Content/EditorMaterials/MatineeGroups/MAT_Groups_Sound.uasset" 653
"../../../Engine/Content/EditorMaterials/MatineeGroups/MAT_Groups_Sound.uexp" 654
"../../../Engine/Content/EditorMaterials/MatineeGroups/MAT_Groups_Float.uasset" 655
"../../../Engine/Content/EditorMaterials/MatineeGroups/MAT_Groups_Float.uexp" 656
"../../../Engine/Content/EditorMaterials/MatineeGroups/MAT_Groups_Director.uasset" 657
"../../../Engine/Content/EditorMaterials/MatineeGroups/MAT_Groups_Director.uexp" 658
"../../../Engine/Content/EditorMaterials/MatineeGroups/MAT_Groups_Move.uasset" 659
"../../../Engine/Content/EditorMaterials/MatineeGroups/MAT_Groups_Move.uexp" 660
"../../../Engine/Content/EditorMaterials/MatineeGroups/MAT_Groups_Event.uasset" 661
"../../../Engine/Content/EditorMaterials/MatineeGroups/MAT_Groups_Event.uexp" 662
"../../../Engine/Content/EditorMaterials/MatineeGroups/MAT_Groups_Fade.uasset" 663
"../../../Engine/Content/EditorMaterials/MatineeGroups/MAT_Groups_Fade.uexp" 664
"../../../Engine/Content/EditorMaterials/MatineeGroups/MAT_Groups_Anim.uasset" 665
"../../../Engine/Content/EditorMaterials/MatineeGroups/MAT_Groups_Anim.uexp" 666
"../../../Engine/Content/EditorMaterials/MatineeGroups/MAT_Groups_Slomo.uasset" 667
"../../../Engine/Content/EditorMaterials/MatineeGroups/MAT_Groups_Slomo.uexp" 668
"../../../Engine/Content/EngineMaterials/Grid.uasset" 669
"../../../Engine/Content/EngineMaterials/Grid.uexp" 670
"../../../Engine/Content/EngineMaterials/Grid.ubulk" 671
"../../../Engine/Content/EditorMaterials/Thumbnails/FloorPlaneMaterial.uasset" 672
"../../../Engine/Content/EditorMaterials/Thumbnails/FloorPlaneMaterial.uexp" 673
"../../../Engine/Content/EngineSounds/Master.uasset" 674
"../../../Engine/Content/EngineSounds/Master.uexp" 675
"../../../Engine/Content/EngineMeshes/Cylinder.uasset" 676
"../../../Engine/Content/EngineMeshes/Cylinder.uexp" 677
"../../../Engine/Content/EngineMeshes/Sphere.uasset" 678
"../../../Engine/Content/EngineMeshes/Sphere.uexp" 679
"../../../Engine/Content/EngineSky/VolumetricClouds/CloudWeatherTexture.uasset" 680
"../../../Engine/Content/EngineSky/VolumetricClouds/CloudWeatherTexture.uexp" 681
"../../../Engine/Content/EngineSky/VolumetricClouds/T_NoiseShape64.uasset" 682
"../../../Engine/Content/EngineSky/VolumetricClouds/T_NoiseShape64.uexp" 683
"../../../Engine/Content/EngineSky/VolumetricClouds/T_NoiseShape64.ubulk" 684
"../../../Engine/Content/EngineSky/VolumetricClouds/T_VolumeNoiseShape64.uasset" 685
"../../../Engine/Content/EngineSky/VolumetricClouds/T_VolumeNoiseShape64.uexp" 686
"../../../Engine/Content/EngineSky/VolumetricClouds/T_NoiseErosion.uasset" 687
"../../../Engine/Content/EngineSky/VolumetricClouds/T_NoiseErosion.uexp" 688
"../../../Engine/Content/EngineSky/VolumetricClouds/T_NoiseErosion.ubulk" 689
"../../../Engine/Content/EngineSky/VolumetricClouds/T_VolumeNoiseErosion32.uasset" 690
"../../../Engine/Content/EngineSky/VolumetricClouds/T_VolumeNoiseErosion32.uexp" 691
"../../../Engine/Content/EngineSky/VolumetricClouds/CloudGradientTexture.uasset" 692
"../../../Engine/Content/EngineSky/VolumetricClouds/CloudGradientTexture.uexp" 693
"../../../Engine/Content/EngineSky/VolumetricClouds/m_SimpleVolumetricCloud.uasset" 694
"../../../Engine/Content/EngineSky/VolumetricClouds/m_SimpleVolumetricCloud.uexp" 695
"../../../Engine/Content/EngineSky/VolumetricClouds/m_SimpleVolumetricCloud_Inst.uasset" 696
"../../../Engine/Content/EngineSky/VolumetricClouds/m_SimpleVolumetricCloud_Inst.uexp" 697
"../../../Engine/Content/VREditor/TransformGizmo/TranslucentTransformGizmoMaterial.uasset" 698
"../../../Engine/Content/VREditor/TransformGizmo/TranslucentTransformGizmoMaterial.uexp" 699
"../../../Engine/Content/VREditor/LaserPointer/VR_LaserPower_01.uasset" 700
"../../../Engine/Content/VREditor/LaserPointer/VR_LaserPower_01.uexp" 701
"../../../Engine/Content/VREditor/LaserPointer/VR_LaserPower_01.ubulk" 702
"../../../Engine/Content/VREditor/TransformGizmo/TransformGizmoMaterial.uasset" 703
"../../../Engine/Content/VREditor/TransformGizmo/TransformGizmoMaterial.uexp" 704
"../../../Engine/Content/VREditor/TransformGizmo/PlaneTranslationHandle.uasset" 705
"../../../Engine/Content/VREditor/TransformGizmo/PlaneTranslationHandle.uexp" 706
"../../../Engine/Content/VREditor/TransformGizmo/Xray.uasset" 707
"../../../Engine/Content/VREditor/TransformGizmo/Xray.uexp" 708
"../../../Engine/Content/VREditor/TransformGizmo/Main.uasset" 709
"../../../Engine/Content/VREditor/TransformGizmo/Main.uexp" 710
"../../../Engine/Content/VREditor/TransformGizmo/SM_Sequencer_Key.uasset" 711
"../../../Engine/Content/VREditor/TransformGizmo/SM_Sequencer_Key.uexp" 712
"../../../Engine/Content/VREditor/TransformGizmo/BoundingBoxCorner.uasset" 713
"../../../Engine/Content/VREditor/TransformGizmo/BoundingBoxCorner.uexp" 714
"../../../Engine/Content/VREditor/TransformGizmo/SM_Sequencer_Node.uasset" 715
"../../../Engine/Content/VREditor/TransformGizmo/SM_Sequencer_Node.uexp" 716
"../../../Engine/Content/VREditor/TransformGizmo/BoundingBoxEdge.uasset" 717
"../../../Engine/Content/VREditor/TransformGizmo/BoundingBoxEdge.uexp" 718
"../../../Engine/Content/MapTemplates/Sky/DaylightAmbientCubemap.uasset" 719
"../../../Engine/Content/MapTemplates/Sky/DaylightAmbientCubemap.uexp" 720
"/Users/arunkarthik/Documents/Unreal Projects/Ads_test/Content/Mannequin/Character/Textures/UE4Man_Logo_N.uasset" 721
"/Users/arunkarthik/Documents/Unreal Projects/Ads_test/Content/Mannequin/Character/Textures/UE4Man_Logo_N.uexp" 722
"/Users/arunkarthik/Documents/Unreal Projects/Ads_test/Content/Mannequin/Character/Textures/UE4Man_Logo_N.ubulk" 723
"/Users/arunkarthik/Documents/Unreal Projects/Ads_test/Content/Mannequin/Character/Materials/MaterialLayers/T_ML_Aluminum01.uasset" 724
"/Users/arunkarthik/Documents/Unreal Projects/Ads_test/Content/Mannequin/Character/Materials/MaterialLayers/T_ML_Aluminum01.uexp" 725
"/Users/arunkarthik/Documents/Unreal Projects/Ads_test/Content/Mannequin/Character/Materials/MaterialLayers/T_ML_Aluminum01.ubulk" 726
"/Users/arunkarthik/Documents/Unreal Projects/Ads_test/Content/Mannequin/Character/Materials/MaterialLayers/T_ML_Aluminum01_N.uasset" 727
"/Users/arunkarthik/Documents/Unreal Projects/Ads_test/Content/Mannequin/Character/Materials/MaterialLayers/T_ML_Aluminum01_N.uexp" 728
"/Users/arunkarthik/Documents/Unreal Projects/Ads_test/Content/Mannequin/Character/Materials/MaterialLayers/T_ML_Aluminum01_N.ubulk" 729
"/Users/arunkarthik/Documents/Unreal Projects/Ads_test/Content/Mannequin/Character/Materials/MaterialLayers/ML_SoftMetal_UE4.uasset" 730
"/Users/arunkarthik/Documents/Unreal Projects/Ads_test/Content/Mannequin/Character/Materials/MaterialLayers/ML_SoftMetal_UE4.uexp" 731
"/Users/arunkarthik/Documents/Unreal Projects/Ads_test/Content/Mannequin/Character/Textures/UE4_LOGO_CARD.uasset" 732
"/Users/arunkarthik/Documents/Unreal Projects/Ads_test/Content/Mannequin/Character/Textures/UE4_LOGO_CARD.uexp" 733
"/Users/arunkarthik/Documents/Unreal Projects/Ads_test/Content/Mannequin/Character/Textures/UE4_LOGO_CARD.ubulk" 734
"/Users/arunkarthik/Documents/Unreal Projects/Ads_test/Content/Mannequin/Character/Materials/MaterialLayers/ML_Plastic_Shiny_Beige_LOGO.uasset" 735
"/Users/arunkarthik/Documents/Unreal Projects/Ads_test/Content/Mannequin/Character/Materials/MaterialLayers/ML_Plastic_Shiny_Beige_LOGO.uexp" 736
"/Users/arunkarthik/Documents/Unreal Projects/Ads_test/Content/Mannequin/Character/Materials/MaterialLayers/ML_Plastic_Shiny_Beige.uasset" 737
"/Users/arunkarthik/Documents/Unreal Projects/Ads_test/Content/Mannequin/Character/Materials/MaterialLayers/ML_Plastic_Shiny_Beige.uexp" 738
"/Users/arunkarthik/Documents/Unreal Projects/Ads_test/Content/Mannequin/Character/Materials/MaterialLayers/T_ML_Rubber_Blue_01_D.uasset" 739
"/Users/arunkarthik/Documents/Unreal Projects/Ads_test/Content/Mannequin/Character/Materials/MaterialLayers/T_ML_Rubber_Blue_01_D.uexp" 740
"/Users/arunkarthik/Documents/Unreal Projects/Ads_test/Content/Mannequin/Character/Materials/MaterialLayers/T_ML_Rubber_Blue_01_D.ubulk" 741
"/Users/arunkarthik/Documents/Unreal Projects/Ads_test/Content/Mannequin/Character/Materials/MaterialLayers/T_ML_Rubber_Blue_01_N.uasset" 742
"/Users/arunkarthik/Documents/Unreal Projects/Ads_test/Content/Mannequin/Character/Materials/MaterialLayers/T_ML_Rubber_Blue_01_N.uexp" 743
"/Users/arunkarthik/Documents/Unreal Projects/Ads_test/Content/Mannequin/Character/Materials/MaterialLayers/T_ML_Rubber_Blue_01_N.ubulk" 744
"/Users/arunkarthik/Documents/Unreal Projects/Ads_test/Content/Mannequin/Character/Materials/MaterialLayers/ML_GlossyBlack_Latex_UE4.uasset" 745
"/Users/arunkarthik/Documents/Unreal Projects/Ads_test/Content/Mannequin/Character/Materials/MaterialLayers/ML_GlossyBlack_Latex_UE4.uexp" 746
"/Users/arunkarthik/Documents/Unreal Projects/Ads_test/Content/Mannequin/Character/Textures/T_UE4_Mannequin_Mobile_N.uasset" 747
"/Users/arunkarthik/Documents/Unreal Projects/Ads_test/Content/Mannequin/Character/Textures/T_UE4_Mannequin_Mobile_N.uexp" 748
"/Users/arunkarthik/Documents/Unreal Projects/Ads_test/Content/Mannequin/Character/Textures/T_UE4_Mannequin_Mobile_N.ubulk" 749
"/Users/arunkarthik/Documents/Unreal Projects/Ads_test/Content/Mannequin/Character/Textures/T_UE4_Mannequin_Mobile_M.uasset" 750
"/Users/arunkarthik/Documents/Unreal Projects/Ads_test/Content/Mannequin/Character/Textures/T_UE4_Mannequin_Mobile_M.uexp" 751
"/Users/arunkarthik/Documents/Unreal Projects/Ads_test/Content/Mannequin/Character/Textures/T_UE4_Mannequin_Mobile_M.ubulk" 752
"../../../Engine/Content/Functions/MaterialLayerFunctions/MatLayerBlend_Simple.uasset" 753
"../../../Engine/Content/Functions/MaterialLayerFunctions/MatLayerBlend_Simple.uexp" 754
"../../../Engine/Content/Functions/Engine_MaterialFunctions02/Utility/BlendAngleCorrectedNormals.uasset" 755
"../../../Engine/Content/Functions/Engine_MaterialFunctions02/Utility/BlendAngleCorrectedNormals.uexp" 756
"../../../Engine/Content/Functions/MaterialLayerFunctions/MatLayerBlend_NormalBlend.uasset" 757
"../../../Engine/Content/Functions/MaterialLayerFunctions/MatLayerBlend_NormalBlend.uexp" 758
"/Users/arunkarthik/Documents/Unreal Projects/Ads_test/Content/Mannequin/Character/Materials/M_UE4Man_Body.uasset" 759
"/Users/arunkarthik/Documents/Unreal Projects/Ads_test/Content/Mannequin/Character/Materials/M_UE4Man_Body.uexp" 760
"/Users/arunkarthik/Documents/Unreal Projects/Ads_test/Content/Mannequin/Character/Materials/M_UE4Man_ChestLogo.uasset" 761
"/Users/arunkarthik/Documents/Unreal Projects/Ads_test/Content/Mannequin/Character/Materials/M_UE4Man_ChestLogo.uexp" 762
"/Users/arunkarthik/Documents/Unreal Projects/Ads_test/Content/Mannequin/Character/Mesh/SK_Mannequin_Skeleton.uasset" 763
"/Users/arunkarthik/Documents/Unreal Projects/Ads_test/Content/Mannequin/Character/Mesh/SK_Mannequin_Skeleton.uexp" 764
"/Users/arunkarthik/Documents/Unreal Projects/Ads_test/Content/Mannequin/Character/Mesh/SK_Mannequin.uasset" 765
"/Users/arunkarthik/Documents/Unreal Projects/Ads_test/Content/Mannequin/Character/Mesh/SK_Mannequin.uexp" 766
"/Users/arunkarthik/Documents/Unreal Projects/Ads_test/Content/Mannequin/Animations/ThirdPersonWalk.uasset" 767
"/Users/arunkarthik/Documents/Unreal Projects/Ads_test/Content/Mannequin/Animations/ThirdPersonWalk.uexp" 768
"/Users/arunkarthik/Documents/Unreal Projects/Ads_test/Content/Mannequin/Animations/ThirdPersonIdle.uasset" 769
"/Users/arunkarthik/Documents/Unreal Projects/Ads_test/Content/Mannequin/Animations/ThirdPersonIdle.uexp" 770
"/Users/arunkarthik/Documents/Unreal Projects/Ads_test/Content/Mannequin/Animations/ThirdPersonRun.uasset" 771
"/Users/arunkarthik/Documents/Unreal Projects/Ads_test/Content/Mannequin/Animations/ThirdPersonRun.uexp" 772
"/Users/arunkarthik/Documents/Unreal Projects/Ads_test/Content/Mannequin/Animations/ThirdPerson_IdleRun_2D.uasset" 773
"/Users/arunkarthik/Documents/Unreal Projects/Ads_test/Content/Mannequin/Animations/ThirdPerson_IdleRun_2D.uexp" 774
"/Users/arunkarthik/Documents/Unreal Projects/Ads_test/Content/Mannequin/Animations/ThirdPersonJump_End.uasset" 775
"/Users/arunkarthik/Documents/Unreal Projects/Ads_test/Content/Mannequin/Animations/ThirdPersonJump_End.uexp" 776
"/Users/arunkarthik/Documents/Unreal Projects/Ads_test/Content/Mannequin/Animations/ThirdPersonJump_Loop.uasset" 777
"/Users/arunkarthik/Documents/Unreal Projects/Ads_test/Content/Mannequin/Animations/ThirdPersonJump_Loop.uexp" 778
"/Users/arunkarthik/Documents/Unreal Projects/Ads_test/Content/Mannequin/Animations/ThirdPersonJump_Start.uasset" 779
"/Users/arunkarthik/Documents/Unreal Projects/Ads_test/Content/Mannequin/Animations/ThirdPersonJump_Start.uexp" 780
"../../../Engine/Content/EditorBlueprintResources/StandardMacros.uasset" 781
"../../../Engine/Content/EditorBlueprintResources/StandardMacros.uexp" 782
"/Users/arunkarthik/Documents/Unreal Projects/Ads_test/Content/Mannequin/Animations/ThirdPerson_AnimBP.uasset" 783
"/Users/arunkarthik/Documents/Unreal Projects/Ads_test/Content/Mannequin/Animations/ThirdPerson_AnimBP.uexp" 784
"/Users/arunkarthik/Documents/Unreal Projects/Ads_test/Content/ThirdPersonBP/Blueprints/ThirdPersonCharacter.uasset" 785
"/Users/arunkarthik/Documents/Unreal Projects/Ads_test/Content/ThirdPersonBP/Blueprints/ThirdPersonCharacter.uexp" 786
"/Users/arunkarthik/Documents/Unreal Projects/Ads_test/Content/ThirdPersonBP/Blueprints/ThirdPersonGameMode.uasset" 787
"/Users/arunkarthik/Documents/Unreal Projects/Ads_test/Content/ThirdPersonBP/Blueprints/ThirdPersonGameMode.uexp" 788
"../../../Engine/Content/BasicShapes/Cylinder.uasset" 789
"../../../Engine/Content/BasicShapes/Cylinder.uexp" 790
"../../../Engine/Content/ArtTools/RenderToTexture/Materials/Debug/M_Emissive_Color.uasset" 791
"../../../Engine/Content/ArtTools/RenderToTexture/Materials/Debug/M_Emissive_Color.uexp" 792
"../../../Engine/Plugins/FX/Niagara/Content/Enums/ENiagaraRandomnessMode.uasset" 793
"../../../Engine/Plugins/FX/Niagara/Content/Enums/ENiagaraRandomnessMode.uexp" 794
"../../../Engine/Plugins/FX/Niagara/Content/Icons/S_ParticleSystem.uasset" 795
"../../../Engine/Plugins/FX/Niagara/Content/Icons/S_ParticleSystem.uexp" 796
"../../../Engine/Plugins/FX/Niagara/Content/Icons/S_ParticleSystem.ubulk" 797
"../../../Engine/Plugins/2D/Paper2D/Content/PlaceholderTextures/DummySpriteTexture.uasset" 798
"../../../Engine/Plugins/2D/Paper2D/Content/PlaceholderTextures/DummySpriteTexture.uexp" 799
"../../../Engine/Plugins/2D/Paper2D/Content/PlaceholderTextures/DummySpriteTexture.ubulk" 800
"../../../Engine/Plugins/2D/Paper2D/Content/DefaultSpriteMaterial.uasset" 801
"../../../Engine/Plugins/2D/Paper2D/Content/DefaultSpriteMaterial.uexp" 802
"../../../Engine/Plugins/2D/Paper2D/Content/OpaqueUnlitSpriteMaterial.uasset" 803
"../../../Engine/Plugins/2D/Paper2D/Content/OpaqueUnlitSpriteMaterial.uexp" 804
"../../../Engine/Plugins/2D/Paper2D/Content/DummySprite.uasset" 805
"../../../Engine/Plugins/2D/Paper2D/Content/DummySprite.uexp" 806
"../../../Engine/Plugins/2D/Paper2D/Content/DefaultPaperTerrainMaterial.uasset" 807
"../../../Engine/Plugins/2D/Paper2D/Content/DefaultPaperTerrainMaterial.uexp" 808
"../../../Engine/Plugins/2D/Paper2D/Content/MaskedUnlitSpriteMaterial.uasset" 809
"../../../Engine/Plugins/2D/Paper2D/Content/MaskedUnlitSpriteMaterial.uexp" 810
"../../../Engine/Plugins/Editor/SpeedTreeImporter/Content/SpeedTree9/EmptyNormal.uasset" 811
"../../../Engine/Plugins/Editor/SpeedTreeImporter/Content/SpeedTree9/EmptyNormal.uexp" 812
"../../../Engine/Plugins/Editor/SpeedTreeImporter/Content/SpeedTree9/Empty.uasset" 813
"../../../Engine/Plugins/Editor/SpeedTreeImporter/Content/SpeedTree9/Empty.uexp" 814
"../../../Engine/Plugins/Editor/SpeedTreeImporter/Content/SpeedTree9/UnpackInteger3.uasset" 815
"../../../Engine/Plugins/Editor/SpeedTreeImporter/Content/SpeedTree9/UnpackInteger3.uexp" 816
"../../../Engine/Plugins/Editor/SpeedTreeImporter/Content/SpeedTree9/SpeedTreeBillboard.uasset" 817
"../../../Engine/Plugins/Editor/SpeedTreeImporter/Content/SpeedTree9/SpeedTreeBillboard.uexp" 818
"../../../Engine/Plugins/Editor/SpeedTreeImporter/Content/SpeedTree9/UnpackDirection.uasset" 819
"../../../Engine/Plugins/Editor/SpeedTreeImporter/Content/SpeedTree9/UnpackDirection.uexp" 820
"../../../Engine/Plugins/Editor/SpeedTreeImporter/Content/SpeedTree9/game_wind_noise.uasset" 821
"../../../Engine/Plugins/Editor/SpeedTreeImporter/Content/SpeedTree9/game_wind_noise.uexp" 822
"../../../Engine/Plugins/Editor/SpeedTreeImporter/Content/SpeedTree9/game_wind_noise.ubulk" 823
"../../../Engine/Content/Functions/Engine_MaterialFunctions02/SafeNormalize.uasset" 824
"../../../Engine/Content/Functions/Engine_MaterialFunctions02/SafeNormalize.uexp" 825
"../../../Engine/Plugins/Editor/SpeedTreeImporter/Content/SpeedTree9/SpeedTreeWindMotion.uasset" 826
"../../../Engine/Plugins/Editor/SpeedTreeImporter/Content/SpeedTree9/SpeedTreeWindMotion.uexp" 827
"../../../Engine/Plugins/Editor/SpeedTreeImporter/Content/SpeedTree9/SpeedTreeBranchMotion.uasset" 828
"../../../Engine/Plugins/Editor/SpeedTreeImporter/Content/SpeedTree9/SpeedTreeBranchMotion.uexp" 829
"../../../Engine/Content/Functions/Engine_MaterialFunctions02/ObjectLocalBounds.uasset" 830
"../../../Engine/Content/Functions/Engine_MaterialFunctions02/ObjectLocalBounds.uexp" 831
"../../../Engine/Content/Functions/Engine_MaterialFunctions02/UVs/BoundingBoxBased_0-1_UVW.uasset" 832
"../../../Engine/Content/Functions/Engine_MaterialFunctions02/UVs/BoundingBoxBased_0-1_UVW.uexp" 833
"../../../Engine/Content/Functions/Engine_MaterialFunctions02/WorldPositionOffset/ObjectScale.uasset" 834
"../../../Engine/Content/Functions/Engine_MaterialFunctions02/WorldPositionOffset/ObjectScale.uexp" 835
"../../../Engine/Plugins/Editor/SpeedTreeImporter/Content/SpeedTree9/SpeedTreeWind.uasset" 836
"../../../Engine/Plugins/Editor/SpeedTreeImporter/Content/SpeedTree9/SpeedTreeWind.uexp" 837
"../../../Engine/Plugins/Editor/SpeedTreeImporter/Content/SpeedTree9/SpeedTreeBillboardMaster.uasset" 838
"../../../Engine/Plugins/Editor/SpeedTreeImporter/Content/SpeedTree9/SpeedTreeBillboardMaster.uexp" 839
"../../../Engine/Plugins/Editor/SpeedTreeImporter/Content/SpeedTree9/SpeedTreeCameraFacing.uasset" 840
"../../../Engine/Plugins/Editor/SpeedTreeImporter/Content/SpeedTree9/SpeedTreeCameraFacing.uexp" 841
"../../../Engine/Plugins/Editor/SpeedTreeImporter/Content/SpeedTree9/SpeedTreeMaster.uasset" 842
"../../../Engine/Plugins/Editor/SpeedTreeImporter/Content/SpeedTree9/SpeedTreeMaster.uexp" 843
"../../../Engine/Content/Maps/Entry_BuiltData.uasset" 844
"../../../Engine/Content/Maps/Entry_BuiltData.uexp" 845
"../../../Engine/Content/Maps/Entry.uexp" 846
"../../../Engine/Content/Maps/Entry.umap" 847
"/Users/arunkarthik/Documents/Unreal Projects/Ads_test/Content/ThirdPerson/Meshes/RampMaterial.uasset" 848
"/Users/arunkarthik/Documents/Unreal Projects/Ads_test/Content/ThirdPerson/Meshes/RampMaterial.uexp" 849
"/Users/arunkarthik/Documents/Unreal Projects/Ads_test/Content/ThirdPerson/Meshes/RightArm_StaticMesh.uasset" 850
"/Users/arunkarthik/Documents/Unreal Projects/Ads_test/Content/ThirdPerson/Meshes/RightArm_StaticMesh.uexp" 851
"/Users/arunkarthik/Documents/Unreal Projects/Ads_test/Content/ThirdPerson/Meshes/Ramp_StaticMesh.uasset" 852
"/Users/arunkarthik/Documents/Unreal Projects/Ads_test/Content/ThirdPerson/Meshes/Ramp_StaticMesh.uexp" 853
"/Users/arunkarthik/Documents/Unreal Projects/Ads_test/Content/ThirdPerson/Meshes/Linear_Stair_StaticMesh.uasset" 854
"/Users/arunkarthik/Documents/Unreal Projects/Ads_test/Content/ThirdPerson/Meshes/Linear_Stair_StaticMesh.uexp" 855
"/Users/arunkarthik/Documents/Unreal Projects/Ads_test/Content/ThirdPerson/Meshes/LeftArm_StaticMesh.uasset" 856
"/Users/arunkarthik/Documents/Unreal Projects/Ads_test/Content/ThirdPerson/Meshes/LeftArm_StaticMesh.uexp" 857
"/Users/arunkarthik/Documents/Unreal Projects/Ads_test/Content/ThirdPerson/Meshes/Bump_StaticMesh.uasset" 858
"/Users/arunkarthik/Documents/Unreal Projects/Ads_test/Content/ThirdPerson/Meshes/Bump_StaticMesh.uexp" 859
"/Users/arunkarthik/Documents/Unreal Projects/Ads_test/Content/Geometry/Meshes/CubeMaterial.uasset" 860
"/Users/arunkarthik/Documents/Unreal Projects/Ads_test/Content/Geometry/Meshes/CubeMaterial.uexp" 861
"/Users/arunkarthik/Documents/Unreal Projects/Ads_test/Content/Geometry/Meshes/TemplateFloor.uasset" 862
"/Users/arunkarthik/Documents/Unreal Projects/Ads_test/Content/Geometry/Meshes/TemplateFloor.uexp" 863
"/Users/arunkarthik/Documents/Unreal Projects/Ads_test/Content/Geometry/Meshes/1M_Cube_Chamfer.uasset" 864
"/Users/arunkarthik/Documents/Unreal Projects/Ads_test/Content/Geometry/Meshes/1M_Cube_Chamfer.uexp" 865
"/Users/arunkarthik/Documents/Unreal Projects/Ads_test/Content/Geometry/Meshes/1M_Cube.uasset" 866
"/Users/arunkarthik/Documents/Unreal Projects/Ads_test/Content/Geometry/Meshes/1M_Cube.uexp" 867
"/Users/arunkarthik/Documents/Unreal Projects/Ads_test/Content/ThirdPersonBP/Maps/ThirdPersonExampleMap_BuiltData.uasset" 868
"/Users/arunkarthik/Documents/Unreal Projects/Ads_test/Content/ThirdPersonBP/Maps/ThirdPersonExampleMap_BuiltData.uexp" 869
"/Users/arunkarthik/Documents/Unreal Projects/Ads_test/Content/ThirdPersonBP/Maps/ThirdPersonExampleMap_BuiltData.ubulk" 870
"../../../Engine/Content/EngineSky/T_Sky_Stars.uasset" 871
"../../../Engine/Content/EngineSky/T_Sky_Stars.uexp" 872
"../../../Engine/Content/EngineSky/T_Sky_Stars.ubulk" 873
"../../../Engine/Content/EngineSky/T_Sky_Clouds_M.uasset" 874
"../../../Engine/Content/EngineSky/T_Sky_Clouds_M.uexp" 875
"../../../Engine/Content/EngineSky/T_Sky_Clouds_M.ubulk" 876
"../../../Engine/Content/EngineSky/T_Sky_Blue.uasset" 877
"../../../Engine/Content/EngineSky/T_Sky_Blue.uexp" 878
"../../../Engine/Content/EngineSky/T_Sky_Blue.ubulk" 879
"../../../Engine/Content/EngineSky/M_Sky_Panning_Clouds2.uasset" 880
"../../../Engine/Content/EngineSky/M_Sky_Panning_Clouds2.uexp" 881
"../../../Engine/Content/EngineSky/C_Sky_Horizon_Color.uasset" 882
"../../../Engine/Content/EngineSky/C_Sky_Horizon_Color.uexp" 883
"../../../Engine/Content/EngineSky/C_Sky_Cloud_Color.uasset" 884
"../../../Engine/Content/EngineSky/C_Sky_Cloud_Color.uexp" 885
"../../../Engine/Content/EngineSky/C_Sky_Zenith_Color.uasset" 886
"../../../Engine/Content/EngineSky/C_Sky_Zenith_Color.uexp" 887
"../../../Engine/Content/EngineSky/SM_SkySphere.uasset" 888
"../../../Engine/Content/EngineSky/SM_SkySphere.uexp" 889
"../../../Engine/Content/EngineSky/BP_Sky_Sphere.uasset" 890
"../../../Engine/Content/EngineSky/BP_Sky_Sphere.uexp" 891
"/Users/arunkarthik/Documents/Unreal Projects/Ads_test/Content/ThirdPersonBP/Maps/ThirdPersonExampleMap.uexp" 892
"/Users/arunkarthik/Documents/Unreal Projects/Ads_test/Content/ThirdPersonBP/Maps/ThirdPersonExampleMap.umap" 893
