"/Users/arunkarthik/Documents/Unreal Projects/Ads_test/Content/Mannequin/Character/Textures/UE4Man_Logo_N.uasset" 0
"/Users/arunkarthik/Documents/Unreal Projects/Ads_test/Content/Mannequin/Character/Textures/UE4Man_Logo_N.uexp" 1
"/Users/arunkarthik/Documents/Unreal Projects/Ads_test/Content/Mannequin/Character/Textures/UE4Man_Logo_N.ubulk" 2
"/Users/arunkarthik/Documents/Unreal Projects/Ads_test/Content/Mannequin/Character/Materials/MaterialLayers/T_ML_Aluminum01.uasset" 3
"/Users/arunkarthik/Documents/Unreal Projects/Ads_test/Content/Mannequin/Character/Materials/MaterialLayers/T_ML_Aluminum01.uexp" 4
"/Users/arunkarthik/Documents/Unreal Projects/Ads_test/Content/Mannequin/Character/Materials/MaterialLayers/T_ML_Aluminum01.ubulk" 5
"/Users/arunkarthik/Documents/Unreal Projects/Ads_test/Content/Mannequin/Character/Materials/MaterialLayers/T_ML_Aluminum01_N.uasset" 6
"/Users/arunkarthik/Documents/Unreal Projects/Ads_test/Content/Mannequin/Character/Materials/MaterialLayers/T_ML_Aluminum01_N.uexp" 7
"/Users/arunkarthik/Documents/Unreal Projects/Ads_test/Content/Mannequin/Character/Materials/MaterialLayers/T_ML_Aluminum01_N.ubulk" 8
"/Users/arunkarthik/Documents/Unreal Projects/Ads_test/Content/Mannequin/Character/Materials/MaterialLayers/ML_SoftMetal_UE4.uasset" 9
"/Users/arunkarthik/Documents/Unreal Projects/Ads_test/Content/Mannequin/Character/Materials/MaterialLayers/ML_SoftMetal_UE4.uexp" 10
"/Users/arunkarthik/Documents/Unreal Projects/Ads_test/Content/Mannequin/Character/Textures/UE4_LOGO_CARD.uasset" 11
"/Users/arunkarthik/Documents/Unreal Projects/Ads_test/Content/Mannequin/Character/Textures/UE4_LOGO_CARD.uexp" 12
"/Users/arunkarthik/Documents/Unreal Projects/Ads_test/Content/Mannequin/Character/Textures/UE4_LOGO_CARD.ubulk" 13
"/Users/arunkarthik/Documents/Unreal Projects/Ads_test/Content/Mannequin/Character/Materials/MaterialLayers/ML_Plastic_Shiny_Beige_LOGO.uasset" 14
"/Users/arunkarthik/Documents/Unreal Projects/Ads_test/Content/Mannequin/Character/Materials/MaterialLayers/ML_Plastic_Shiny_Beige_LOGO.uexp" 15
"/Users/arunkarthik/Documents/Unreal Projects/Ads_test/Content/Mannequin/Character/Materials/MaterialLayers/ML_Plastic_Shiny_Beige.uasset" 16
"/Users/arunkarthik/Documents/Unreal Projects/Ads_test/Content/Mannequin/Character/Materials/MaterialLayers/ML_Plastic_Shiny_Beige.uexp" 17
"/Users/arunkarthik/Documents/Unreal Projects/Ads_test/Content/Mannequin/Character/Materials/MaterialLayers/T_ML_Rubber_Blue_01_D.uasset" 18
"/Users/arunkarthik/Documents/Unreal Projects/Ads_test/Content/Mannequin/Character/Materials/MaterialLayers/T_ML_Rubber_Blue_01_D.uexp" 19
"/Users/arunkarthik/Documents/Unreal Projects/Ads_test/Content/Mannequin/Character/Materials/MaterialLayers/T_ML_Rubber_Blue_01_D.ubulk" 20
"/Users/arunkarthik/Documents/Unreal Projects/Ads_test/Content/Mannequin/Character/Materials/MaterialLayers/T_ML_Rubber_Blue_01_N.uasset" 21
"/Users/arunkarthik/Documents/Unreal Projects/Ads_test/Content/Mannequin/Character/Materials/MaterialLayers/T_ML_Rubber_Blue_01_N.uexp" 22
"/Users/arunkarthik/Documents/Unreal Projects/Ads_test/Content/Mannequin/Character/Materials/MaterialLayers/T_ML_Rubber_Blue_01_N.ubulk" 23
"/Users/arunkarthik/Documents/Unreal Projects/Ads_test/Content/Mannequin/Character/Materials/MaterialLayers/ML_GlossyBlack_Latex_UE4.uasset" 24
"/Users/arunkarthik/Documents/Unreal Projects/Ads_test/Content/Mannequin/Character/Materials/MaterialLayers/ML_GlossyBlack_Latex_UE4.uexp" 25
"../../../Engine/Content/Functions/MaterialLayerFunctions/MatLayerBlend_Simple.uasset" 26
"../../../Engine/Content/Functions/MaterialLayerFunctions/MatLayerBlend_Simple.uexp" 27
"../../../Engine/Content/Functions/Engine_MaterialFunctions02/Utility/BlendAngleCorrectedNormals.uasset" 28
"../../../Engine/Content/Functions/Engine_MaterialFunctions02/Utility/BlendAngleCorrectedNormals.uexp" 29
"../../../Engine/Content/Functions/MaterialLayerFunctions/MatLayerBlend_NormalBlend.uasset" 30
"../../../Engine/Content/Functions/MaterialLayerFunctions/MatLayerBlend_NormalBlend.uexp" 31
"/Users/arunkarthik/Documents/Unreal Projects/Ads_test/Content/Mannequin/Character/Textures/T_UE4_Mannequin_Mobile_N.uasset" 32
"/Users/arunkarthik/Documents/Unreal Projects/Ads_test/Content/Mannequin/Character/Textures/T_UE4_Mannequin_Mobile_N.uexp" 33
"/Users/arunkarthik/Documents/Unreal Projects/Ads_test/Content/Mannequin/Character/Textures/T_UE4_Mannequin_Mobile_N.ubulk" 34
"/Users/arunkarthik/Documents/Unreal Projects/Ads_test/Content/Mannequin/Character/Textures/T_UE4_Mannequin_Mobile_M.uasset" 35
"/Users/arunkarthik/Documents/Unreal Projects/Ads_test/Content/Mannequin/Character/Textures/T_UE4_Mannequin_Mobile_M.uexp" 36
"/Users/arunkarthik/Documents/Unreal Projects/Ads_test/Content/Mannequin/Character/Textures/T_UE4_Mannequin_Mobile_M.ubulk" 37
"/Users/arunkarthik/Documents/Unreal Projects/Ads_test/Content/Mannequin/Character/Materials/M_UE4Man_Body.uasset" 38
"/Users/arunkarthik/Documents/Unreal Projects/Ads_test/Content/Mannequin/Character/Materials/M_UE4Man_Body.uexp" 39
"/Users/arunkarthik/Documents/Unreal Projects/Ads_test/Content/Mannequin/Character/Materials/M_UE4Man_ChestLogo.uasset" 40
"/Users/arunkarthik/Documents/Unreal Projects/Ads_test/Content/Mannequin/Character/Materials/M_UE4Man_ChestLogo.uexp" 41
"/Users/arunkarthik/Documents/Unreal Projects/Ads_test/Content/Mannequin/Character/Mesh/SK_Mannequin_Skeleton.uasset" 42
"/Users/arunkarthik/Documents/Unreal Projects/Ads_test/Content/Mannequin/Character/Mesh/SK_Mannequin_Skeleton.uexp" 43
"/Users/arunkarthik/Documents/Unreal Projects/Ads_test/Content/Mannequin/Character/Mesh/SK_Mannequin.uasset" 44
"/Users/arunkarthik/Documents/Unreal Projects/Ads_test/Content/Mannequin/Character/Mesh/SK_Mannequin.uexp" 45
"../../../Engine/Content/EditorBlueprintResources/StandardMacros.uasset" 46
"../../../Engine/Content/EditorBlueprintResources/StandardMacros.uexp" 47
"/Users/arunkarthik/Documents/Unreal Projects/Ads_test/Content/Mannequin/Animations/ThirdPersonWalk.uasset" 48
"/Users/arunkarthik/Documents/Unreal Projects/Ads_test/Content/Mannequin/Animations/ThirdPersonWalk.uexp" 49
"/Users/arunkarthik/Documents/Unreal Projects/Ads_test/Content/Mannequin/Animations/ThirdPersonIdle.uasset" 50
"/Users/arunkarthik/Documents/Unreal Projects/Ads_test/Content/Mannequin/Animations/ThirdPersonIdle.uexp" 51
"/Users/arunkarthik/Documents/Unreal Projects/Ads_test/Content/Mannequin/Animations/ThirdPersonRun.uasset" 52
"/Users/arunkarthik/Documents/Unreal Projects/Ads_test/Content/Mannequin/Animations/ThirdPersonRun.uexp" 53
"/Users/arunkarthik/Documents/Unreal Projects/Ads_test/Content/Mannequin/Animations/ThirdPerson_IdleRun_2D.uasset" 54
"/Users/arunkarthik/Documents/Unreal Projects/Ads_test/Content/Mannequin/Animations/ThirdPerson_IdleRun_2D.uexp" 55
"/Users/arunkarthik/Documents/Unreal Projects/Ads_test/Content/Mannequin/Animations/ThirdPersonJump_End.uasset" 56
"/Users/arunkarthik/Documents/Unreal Projects/Ads_test/Content/Mannequin/Animations/ThirdPersonJump_End.uexp" 57
"/Users/arunkarthik/Documents/Unreal Projects/Ads_test/Content/Mannequin/Animations/ThirdPersonJump_Loop.uasset" 58
"/Users/arunkarthik/Documents/Unreal Projects/Ads_test/Content/Mannequin/Animations/ThirdPersonJump_Loop.uexp" 59
"/Users/arunkarthik/Documents/Unreal Projects/Ads_test/Content/Mannequin/Animations/ThirdPersonJump_Start.uasset" 60
"/Users/arunkarthik/Documents/Unreal Projects/Ads_test/Content/Mannequin/Animations/ThirdPersonJump_Start.uexp" 61
"/Users/arunkarthik/Documents/Unreal Projects/Ads_test/Content/Mannequin/Animations/ThirdPerson_AnimBP.uasset" 62
"/Users/arunkarthik/Documents/Unreal Projects/Ads_test/Content/Mannequin/Animations/ThirdPerson_AnimBP.uexp" 63
"/Users/arunkarthik/Documents/Unreal Projects/Ads_test/Content/ThirdPersonBP/Blueprints/ThirdPersonCharacter.uasset" 64
"/Users/arunkarthik/Documents/Unreal Projects/Ads_test/Content/ThirdPersonBP/Blueprints/ThirdPersonCharacter.uexp" 65
"/Users/arunkarthik/Documents/Unreal Projects/Ads_test/Content/ThirdPersonBP/Blueprints/ThirdPersonGameMode.uasset" 66
"/Users/arunkarthik/Documents/Unreal Projects/Ads_test/Content/ThirdPersonBP/Blueprints/ThirdPersonGameMode.uexp" 67
"/Users/arunkarthik/Documents/Unreal Projects/Ads_test/Content/Mannequin/Character/Mesh/SK_Mannequin_PhysicsAsset.uasset" 68
"/Users/arunkarthik/Documents/Unreal Projects/Ads_test/Content/Mannequin/Character/Mesh/SK_Mannequin_PhysicsAsset.uexp" 69
"/Users/arunkarthik/Documents/Unreal Projects/Ads_test/Content/Mannequin/Animations/ThirdPerson_Jump.uasset" 70
"/Users/arunkarthik/Documents/Unreal Projects/Ads_test/Content/Mannequin/Animations/ThirdPerson_Jump.uexp" 71
"../../../Engine/Content/Maps/Templates/Thumbnails/Default.uasset" 72
"../../../Engine/Content/Maps/Templates/Thumbnails/Default.uexp" 73
"../../../Engine/Content/Maps/Templates/Thumbnails/TimeOfDay.uasset" 74
"../../../Engine/Content/Maps/Templates/Thumbnails/TimeOfDay.uexp" 75
"../../../Engine/Content/Maps/Templates/Thumbnails/VR-Basic.uasset" 76
"../../../Engine/Content/Maps/Templates/Thumbnails/VR-Basic.uexp" 77
"../../../Engine/Content/MobileResources/T_MobileControls_texture.uasset" 78
"../../../Engine/Content/MobileResources/T_MobileControls_texture.uexp" 79
"../../../Engine/Content/MobileResources/T_MobileMenu2.uasset" 80
"../../../Engine/Content/MobileResources/T_MobileMenu2.uexp" 81
"../../../Engine/Content/MobileResources/HUD/MobileHUDDirectionPad3.uasset" 82
"../../../Engine/Content/MobileResources/HUD/MobileHUDDirectionPad3.uexp" 83
"../../../Engine/Content/MobileResources/HUD/MobileHUDButton2_off.uasset" 84
"../../../Engine/Content/MobileResources/HUD/MobileHUDButton2_off.uexp" 85
"../../../Engine/Content/MobileResources/HUD/MobileHUDButton3.uasset" 86
"../../../Engine/Content/MobileResources/HUD/MobileHUDButton3.uexp" 87
"../../../Engine/Content/MobileResources/HUD/T_Castle_ThumbstickInner.uasset" 88
"../../../Engine/Content/MobileResources/HUD/T_Castle_ThumbstickInner.uexp" 89
"../../../Engine/Content/MobileResources/HUD/MobileHUDDirectionStick.uasset" 90
"../../../Engine/Content/MobileResources/HUD/MobileHUDDirectionStick.uexp" 91
"../../../Engine/Content/MobileResources/HUD/VirtualJoystick_Background.uasset" 92
"../../../Engine/Content/MobileResources/HUD/VirtualJoystick_Background.uexp" 93
"../../../Engine/Content/MobileResources/HUD/VirtualJoystick_Thumb.uasset" 94
"../../../Engine/Content/MobileResources/HUD/VirtualJoystick_Thumb.uexp" 95
"../../../Engine/Content/MobileResources/HUD/DefaultVirtualJoysticks.uasset" 96
"../../../Engine/Content/MobileResources/HUD/DefaultVirtualJoysticks.uexp" 97
"../../../Engine/Content/MobileResources/HUD/T_Castle_ThumbstickOutter.uasset" 98
"../../../Engine/Content/MobileResources/HUD/T_Castle_ThumbstickOutter.uexp" 99
"../../../Engine/Content/MobileResources/HUD/MobileHUDButton2_on.uasset" 100
"../../../Engine/Content/MobileResources/HUD/MobileHUDButton2_on.uexp" 101
"../../../Engine/Content/MobileResources/HUD/MobileHUDDirectionPad2.uasset" 102
"../../../Engine/Content/MobileResources/HUD/MobileHUDDirectionPad2.uexp" 103
"../../../Engine/Content/MobileResources/HUD/No_Joystick.uasset" 104
"../../../Engine/Content/MobileResources/HUD/No_Joystick.uexp" 105
"../../../Engine/Content/MobileResources/HUD/MobileHUDDirectionPad.uasset" 106
"../../../Engine/Content/MobileResources/HUD/MobileHUDDirectionPad.uexp" 107
"../../../Engine/Content/MobileResources/HUD/AnalogHat.uasset" 108
"../../../Engine/Content/MobileResources/HUD/AnalogHat.uexp" 109
"../../../Engine/Content/MobileResources/HUD/MobileHUDButton1_on.uasset" 110
"../../../Engine/Content/MobileResources/HUD/MobileHUDButton1_on.uexp" 111
"../../../Engine/Content/MobileResources/HUD/MobileHUDButtonFire.uasset" 112
"../../../Engine/Content/MobileResources/HUD/MobileHUDButtonFire.uexp" 113
"../../../Engine/Content/MobileResources/HUD/LeftVirtualJoystickOnly.uasset" 114
"../../../Engine/Content/MobileResources/HUD/LeftVirtualJoystickOnly.uexp" 115
"../../../Engine/Content/MobileResources/HUD/MobileHUDButton1_off.uasset" 116
"../../../Engine/Content/MobileResources/HUD/MobileHUDButton1_off.uexp" 117
"../../../Engine/Content/Tutorial/ContentIntroCurve.uasset" 118
"../../../Engine/Content/Tutorial/ContentIntroCurve.uexp" 119
"../../../Engine/Content/Tutorial/Basics/TutorialAssets/icon_tab_Levels_40x.uasset" 120
"../../../Engine/Content/Tutorial/Basics/TutorialAssets/icon_tab_Levels_40x.uexp" 121
"../../../Engine/Content/EngineResources/DefaultTextureCube.uasset" 122
"../../../Engine/Content/EngineResources/DefaultTextureCube.uexp" 123
"../../../Engine/Content/EngineResources/DefaultTexture.uasset" 124
"../../../Engine/Content/EngineResources/DefaultTexture.uexp" 125
"../../../Engine/Content/EngineResources/DefaultTexture.ubulk" 126
"../../../Engine/Content/EngineResources/Black.uasset" 127
"../../../Engine/Content/EngineResources/Black.uexp" 128
"../../../Engine/Content/EngineResources/DefaultVolumeTexture2D.uasset" 129
"../../../Engine/Content/EngineResources/DefaultVolumeTexture2D.uexp" 130
"../../../Engine/Content/EngineResources/DefaultVolumeTexture.uasset" 131
"../../../Engine/Content/EngineResources/DefaultVolumeTexture.uexp" 132
"../../../Engine/Content/EngineResources/GradientTexture0.uasset" 133
"../../../Engine/Content/EngineResources/GradientTexture0.uexp" 134
"../../../Engine/Content/EditorLandscapeResources/DataLayer.uasset" 135
"../../../Engine/Content/EditorLandscapeResources/DataLayer.uexp" 136
"../../../Engine/Content/EditorLandscapeResources/DefaultAlphaTexture.uasset" 137
"../../../Engine/Content/EditorLandscapeResources/DefaultAlphaTexture.uexp" 138
"../../../Engine/Content/EditorMaterials/Camera/CineMat.uasset" 139
"../../../Engine/Content/EditorMaterials/Camera/CineMat.uexp" 140
"../../../Engine/Content/EditorMaterials/Camera/MI_CineMat_Rig.uasset" 141
"../../../Engine/Content/EditorMaterials/Camera/MI_CineMat_Rig.uexp" 142
"../../../Engine/Content/EditorMeshes/Camera/SM_CraneRig_Body.uasset" 143
"../../../Engine/Content/EditorMeshes/Camera/SM_CraneRig_Body.uexp" 144
"../../../Engine/Content/EditorMeshes/Camera/SM_RailRig_Mount.uasset" 145
"../../../Engine/Content/EditorMeshes/Camera/SM_RailRig_Mount.uexp" 146
"../../../Engine/Content/EditorMeshes/Camera/SM_CraneRig_Base.uasset" 147
"../../../Engine/Content/EditorMeshes/Camera/SM_CraneRig_Base.uexp" 148
"../../../Engine/Content/EditorMeshes/Camera/SM_CraneRig_Mount.uasset" 149
"../../../Engine/Content/EditorMeshes/Camera/SM_CraneRig_Mount.uexp" 150
"../../../Engine/Content/EditorMeshes/Camera/SM_CraneRig_Arm.uasset" 151
"../../../Engine/Content/EditorMeshes/Camera/SM_CraneRig_Arm.uexp" 152
"../../../Engine/Content/EditorMeshes/Camera/SM_RailRig_Track.uasset" 153
"../../../Engine/Content/EditorMeshes/Camera/SM_RailRig_Track.uexp" 154
"../../../Engine/Content/EngineFonts/Faces/RobotoRegular.uasset" 155
"../../../Engine/Content/EngineFonts/Faces/RobotoRegular.uexp" 156
"../../../Engine/Content/EngineFonts/Faces/RobotoRegular.ufont" 157
"../../../Engine/Content/EngineFonts/Faces/RobotoLight.uasset" 158
"../../../Engine/Content/EngineFonts/Faces/RobotoLight.uexp" 159
"../../../Engine/Content/EngineFonts/Faces/RobotoLight.ufont" 160
"../../../Engine/Content/EngineFonts/Faces/RobotoItalic.uasset" 161
"../../../Engine/Content/EngineFonts/Faces/RobotoItalic.uexp" 162
"../../../Engine/Content/EngineFonts/Faces/RobotoItalic.ufont" 163
"../../../Engine/Content/EngineFonts/Faces/RobotoBoldItalic.uasset" 164
"../../../Engine/Content/EngineFonts/Faces/RobotoBoldItalic.uexp" 165
"../../../Engine/Content/EngineFonts/Faces/RobotoBoldItalic.ufont" 166
"../../../Engine/Content/EngineFonts/Faces/RobotoBold.uasset" 167
"../../../Engine/Content/EngineFonts/Faces/RobotoBold.uexp" 168
"../../../Engine/Content/EngineFonts/Faces/RobotoBold.ufont" 169
"../../../Engine/Content/EngineFonts/Faces/DroidSansFallback.uasset" 170
"../../../Engine/Content/EngineFonts/Faces/DroidSansFallback.uexp" 171
"../../../Engine/Content/EngineFonts/Faces/DroidSansFallback.ufont" 172
"../../../Engine/Content/EngineFonts/Roboto.uasset" 173
"../../../Engine/Content/EngineFonts/Roboto.uexp" 174
"../../../Engine/Content/EngineDamageTypes/DmgTypeBP_Environmental.uasset" 175
"../../../Engine/Content/EngineDamageTypes/DmgTypeBP_Environmental.uexp" 176
"../../../Engine/Content/EngineMaterials/T_Default_Material_Grid_N.uasset" 177
"../../../Engine/Content/EngineMaterials/T_Default_Material_Grid_N.uexp" 178
"../../../Engine/Content/EngineMaterials/T_Default_Material_Grid_N.ubulk" 179
"../../../Engine/Content/EngineMaterials/T_Default_Material_Grid_M.uasset" 180
"../../../Engine/Content/EngineMaterials/T_Default_Material_Grid_M.uexp" 181
"../../../Engine/Content/EngineMaterials/T_Default_Material_Grid_M.ubulk" 182
"../../../Engine/Content/Functions/Engine_MaterialFunctions01/Opacity/CameraDepthFade.uasset" 183
"../../../Engine/Content/Functions/Engine_MaterialFunctions01/Opacity/CameraDepthFade.uexp" 184
"../../../Engine/Content/EngineMaterials/WorldGridMaterial.uasset" 185
"../../../Engine/Content/EngineMaterials/WorldGridMaterial.uexp" 186
"../../../Engine/Content/ArtTools/RenderToTexture/Meshes/S_1_Unit_Plane.uasset" 187
"../../../Engine/Content/ArtTools/RenderToTexture/Meshes/S_1_Unit_Plane.uexp" 188
"../../../Engine/Content/Animation/DefaultAnimCurveCompressionSettings.uasset" 189
"../../../Engine/Content/Animation/DefaultAnimCurveCompressionSettings.uexp" 190
"../../../Engine/Content/Animation/DefaultAnimBoneCompressionSettings.uasset" 191
"../../../Engine/Content/Animation/DefaultAnimBoneCompressionSettings.uexp" 192
"../../../Engine/Content/EngineMaterials/DefaultCalibrationGrayscale.uasset" 193
"../../../Engine/Content/EngineMaterials/DefaultCalibrationGrayscale.uexp" 194
"../../../Engine/Content/EngineMaterials/PPM_DefaultCalibrationGrayscale.uasset" 195
"../../../Engine/Content/EngineMaterials/PPM_DefaultCalibrationGrayscale.uexp" 196
"../../../Engine/Content/EngineResources/WhiteSquareTexture.uasset" 197
"../../../Engine/Content/EngineResources/WhiteSquareTexture.uexp" 198
"../../../Engine/Content/EngineMaterials/Widget3DPassThrough.uasset" 199
"../../../Engine/Content/EngineMaterials/Widget3DPassThrough.uexp" 200
"../../../Engine/Content/EngineMaterials/Widget3DPassThrough_Masked.uasset" 201
"../../../Engine/Content/EngineMaterials/Widget3DPassThrough_Masked.uexp" 202
"../../../Engine/Content/EngineMaterials/WeightMapPlaceholderTexture.uasset" 203
"../../../Engine/Content/EngineMaterials/WeightMapPlaceholderTexture.uexp" 204
"../../../Engine/Content/EngineMaterials/Widget3DPassThrough_Translucent.uasset" 205
"../../../Engine/Content/EngineMaterials/Widget3DPassThrough_Translucent.uexp" 206
"../../../Engine/Content/EngineMaterials/Widget3DPassThrough_Translucent_OneSided.uasset" 207
"../../../Engine/Content/EngineMaterials/Widget3DPassThrough_Translucent_OneSided.uexp" 208
"../../../Engine/Content/EngineMaterials/DefaultCalibrationColor.uasset" 209
"../../../Engine/Content/EngineMaterials/DefaultCalibrationColor.uexp" 210
"../../../Engine/Content/EngineMaterials/PPM_DefaultCalibrationColor.uasset" 211
"../../../Engine/Content/EngineMaterials/PPM_DefaultCalibrationColor.uexp" 212
"../../../Engine/Content/Functions/Engine_MaterialFunctions02/WorldPositionOffset/CameraOffset.uasset" 213
"../../../Engine/Content/Functions/Engine_MaterialFunctions02/WorldPositionOffset/CameraOffset.uexp" 214
"../../../Engine/Content/EngineMaterials/PhAT_JointLimitMaterial.uasset" 215
"../../../Engine/Content/EngineMaterials/PhAT_JointLimitMaterial.uexp" 216
"../../../Engine/Content/EngineMaterials/GizmoMaterial.uasset" 217
"../../../Engine/Content/EngineMaterials/GizmoMaterial.uexp" 218
"../../../Engine/Content/EngineMaterials/BlueNoise.uasset" 219
"../../../Engine/Content/EngineMaterials/BlueNoise.uexp" 220
"../../../Engine/Content/EngineMaterials/DefaultWhiteGrid_Low.uasset" 221
"../../../Engine/Content/EngineMaterials/DefaultWhiteGrid_Low.uexp" 222
"../../../Engine/Content/EngineMaterials/EmissiveMeshMaterial.uasset" 223
"../../../Engine/Content/EngineMaterials/EmissiveMeshMaterial.uexp" 224
"../../../Engine/Content/EngineMaterials/Widget3DPassThrough_Opaque.uasset" 225
"../../../Engine/Content/EngineMaterials/Widget3DPassThrough_Opaque.uexp" 226
"../../../Engine/Content/EngineMaterials/Widget3DPassThrough_Masked_OneSided.uasset" 227
"../../../Engine/Content/EngineMaterials/Widget3DPassThrough_Masked_OneSided.uexp" 228
"../../../Engine/Content/EngineMaterials/DefaultBloomKernel.uasset" 229
"../../../Engine/Content/EngineMaterials/DefaultBloomKernel.uexp" 230
"../../../Engine/Content/EngineMaterials/RemoveSurfaceMaterial.uasset" 231
"../../../Engine/Content/EngineMaterials/RemoveSurfaceMaterial.uexp" 232
"../../../Engine/Content/EngineMaterials/DefaultDiffuse.uasset" 233
"../../../Engine/Content/EngineMaterials/DefaultDiffuse.uexp" 234
"../../../Engine/Content/EngineMaterials/DefaultDiffuse.ubulk" 235
"../../../Engine/Content/EngineMaterials/DefaultDeferredDecalMaterial.uasset" 236
"../../../Engine/Content/EngineMaterials/DefaultDeferredDecalMaterial.uexp" 237
"../../../Engine/Content/Functions/Engine_MaterialFunctions02/Utility/BreakOutFloat2Components.uasset" 238
"../../../Engine/Content/Functions/Engine_MaterialFunctions02/Utility/BreakOutFloat2Components.uexp" 239
"../../../Engine/Content/EngineMaterials/DefaultPostProcessMaterial.uasset" 240
"../../../Engine/Content/EngineMaterials/DefaultPostProcessMaterial.uexp" 241
"../../../Engine/Content/EngineMaterials/DefaultPhysicalMaterial.uasset" 242
"../../../Engine/Content/EngineMaterials/DefaultPhysicalMaterial.uexp" 243
"../../../Engine/Content/EngineMaterials/BaseFlattenNormalMap.uasset" 244
"../../../Engine/Content/EngineMaterials/BaseFlattenNormalMap.uexp" 245
"../../../Engine/Content/EngineMaterials/BaseFlattenEmissiveMap.uasset" 246
"../../../Engine/Content/EngineMaterials/BaseFlattenEmissiveMap.uexp" 247
"../../../Engine/Content/EngineMaterials/BaseFlattenGrayscaleMap.uasset" 248
"../../../Engine/Content/EngineMaterials/BaseFlattenGrayscaleMap.uexp" 249
"../../../Engine/Content/EngineMaterials/BaseFlattenDiffuseMap.uasset" 250
"../../../Engine/Content/EngineMaterials/BaseFlattenDiffuseMap.uexp" 251
"../../../Engine/Content/EngineMaterials/BaseFlattenMaterial.uasset" 252
"../../../Engine/Content/EngineMaterials/BaseFlattenMaterial.uexp" 253
"../../../Engine/Content/EngineMaterials/InvalidLightmapSettings.uasset" 254
"../../../Engine/Content/EngineMaterials/InvalidLightmapSettings.uexp" 255
"../../../Engine/Content/EngineMaterials/InvalidLightmapSettings.ubulk" 256
"../../../Engine/Content/EngineMaterials/M_InvalidLightmapSettings.uasset" 257
"../../../Engine/Content/EngineMaterials/M_InvalidLightmapSettings.uexp" 258
"../../../Engine/Content/Functions/Engine_MaterialFunctions02/Texturing/ScreenAlignedPixelToPixelUVs.uasset" 259
"../../../Engine/Content/Functions/Engine_MaterialFunctions02/Texturing/ScreenAlignedPixelToPixelUVs.uexp" 260
"../../../Engine/Content/EngineMaterials/Good64x64TilingNoiseHighFreq.uasset" 261
"../../../Engine/Content/EngineMaterials/Good64x64TilingNoiseHighFreq.uexp" 262
"../../../Engine/Content/Functions/Engine_MaterialFunctions02/Utility/DitherTemporalAA.uasset" 263
"../../../Engine/Content/Functions/Engine_MaterialFunctions02/Utility/DitherTemporalAA.uexp" 264
"../../../Engine/Content/EngineFonts/RobotoDistanceField.uasset" 265
"../../../Engine/Content/EngineFonts/RobotoDistanceField.uexp" 266
"../../../Engine/Content/EngineMaterials/DefaultTextMaterialOpaque.uasset" 267
"../../../Engine/Content/EngineMaterials/DefaultTextMaterialOpaque.uexp" 268
"../../../Engine/Content/EngineMaterials/PreintegratedSkinBRDF.uasset" 269
"../../../Engine/Content/EngineMaterials/PreintegratedSkinBRDF.uexp" 270
"../../../Engine/Content/EngineMaterials/Widget3DPassThrough_Opaque_OneSided.uasset" 271
"../../../Engine/Content/EngineMaterials/Widget3DPassThrough_Opaque_OneSided.uexp" 272
"../../../Engine/Content/EngineMaterials/DefaultBokeh.uasset" 273
"../../../Engine/Content/EngineMaterials/DefaultBokeh.uexp" 274
"../../../Engine/Content/EngineMaterials/DefaultLightFunctionMaterial.uasset" 275
"../../../Engine/Content/EngineMaterials/DefaultLightFunctionMaterial.uexp" 276
"../../../Engine/Content/EngineMaterials/MiniFont.uasset" 277
"../../../Engine/Content/EngineMaterials/MiniFont.uexp" 278
"../../../Engine/Content/EngineMaterials/DefaultWhiteGrid.uasset" 279
"../../../Engine/Content/EngineMaterials/DefaultWhiteGrid.uexp" 280
"../../../Engine/Content/EngineMaterials/DefaultWhiteGrid.ubulk" 281
"../../../Engine/Content/EngineDebugMaterials/DebugEditorMaterial.uasset" 282
"../../../Engine/Content/EngineDebugMaterials/DebugEditorMaterial.uexp" 283
"../../../Engine/Content/Functions/Engine_MaterialFunctions01/Shading/ConvertFromDiffSpec.uasset" 284
"../../../Engine/Content/Functions/Engine_MaterialFunctions01/Shading/ConvertFromDiffSpec.uexp" 285
"../../../Engine/Content/EngineDebugMaterials/VertexColorMaterial.uasset" 286
"../../../Engine/Content/EngineDebugMaterials/VertexColorMaterial.uexp" 287
"../../../Engine/Content/EngineDebugMaterials/WireframeMaterial.uasset" 288
"../../../Engine/Content/EngineDebugMaterials/WireframeMaterial.uexp" 289
"../../../Engine/Content/EngineDebugMaterials/VolumeToRender.uasset" 290
"../../../Engine/Content/EngineDebugMaterials/VolumeToRender.uexp" 291
"../../../Engine/Content/Functions/Engine_MaterialFunctions02/Utility/CameraDirectionVector.uasset" 292
"../../../Engine/Content/Functions/Engine_MaterialFunctions02/Utility/CameraDirectionVector.uexp" 293
"../../../Engine/Content/EngineDebugMaterials/M_VolumeRenderSphereTracePP.uasset" 294
"../../../Engine/Content/EngineDebugMaterials/M_VolumeRenderSphereTracePP.uexp" 295
"../../../Engine/Content/EngineDebugMaterials/M_SimpleUnlitTranslucent.uasset" 296
"../../../Engine/Content/EngineDebugMaterials/M_SimpleUnlitTranslucent.uexp" 297
"../../../Engine/Content/EngineDebugMaterials/DebugMeshMaterial.uasset" 298
"../../../Engine/Content/EngineDebugMaterials/DebugMeshMaterial.uexp" 299
"../../../Engine/Content/EditorResources/S_Note.uasset" 300
"../../../Engine/Content/EditorResources/S_Note.uexp" 301
"../../../Engine/Content/EditorResources/S_Note.ubulk" 302
"../../../Engine/Content/EditorResources/S_Solver.uasset" 303
"../../../Engine/Content/EditorResources/S_Solver.uexp" 304
"../../../Engine/Content/EditorResources/S_Solver.ubulk" 305
"../../../Engine/Content/EditorResources/S_Terrain.uasset" 306
"../../../Engine/Content/EditorResources/S_Terrain.uexp" 307
"../../../Engine/Content/EditorResources/S_Terrain.ubulk" 308
"../../../Engine/Content/EditorResources/S_Trigger.uasset" 309
"../../../Engine/Content/EditorResources/S_Trigger.uexp" 310
"../../../Engine/Content/EditorResources/S_Trigger.ubulk" 311
"../../../Engine/Content/EditorResources/S_Actor.uasset" 312
"../../../Engine/Content/EditorResources/S_Actor.uexp" 313
"../../../Engine/Content/EditorResources/S_Actor.ubulk" 314
"../../../Engine/Content/EditorResources/EmptyActor.uasset" 315
"../../../Engine/Content/EditorResources/EmptyActor.uexp" 316
"../../../Engine/Content/EditorResources/BSPVertex.uasset" 317
"../../../Engine/Content/EditorResources/BSPVertex.uexp" 318
"../../../Engine/Content/EditorResources/SequenceRecorder/Countdown.uasset" 319
"../../../Engine/Content/EditorResources/SequenceRecorder/Countdown.uexp" 320
"../../../Engine/Content/EditorResources/SequenceRecorder/RecordingIndicator.uasset" 321
"../../../Engine/Content/EditorResources/SequenceRecorder/RecordingIndicator.uexp" 322
"../../../Engine/Content/EditorResources/LightIcons/S_LightError.uasset" 323
"../../../Engine/Content/EditorResources/LightIcons/S_LightError.uexp" 324
"../../../Engine/Content/EngineMaterials/DefaultMaterial.uasset" 325
"../../../Engine/Content/EngineMaterials/DefaultMaterial.uexp" 326
"../../../Engine/Content/BasicShapes/Cone.uasset" 327
"../../../Engine/Content/BasicShapes/Cone.uexp" 328
"../../../Engine/Content/BasicShapes/Cube.uasset" 329
"../../../Engine/Content/BasicShapes/Cube.uexp" 330
"../../../Engine/Content/BasicShapes/Plane.uasset" 331
"../../../Engine/Content/BasicShapes/Plane.uexp" 332
"../../../Engine/Content/BasicShapes/Sphere.uasset" 333
"../../../Engine/Content/BasicShapes/Sphere.uexp" 334
"../../../Engine/Content/Functions/Engine_MaterialFunctions01/Shading/PowerToRoughness.uasset" 335
"../../../Engine/Content/Functions/Engine_MaterialFunctions01/Shading/PowerToRoughness.uexp" 336
"../../../Engine/Content/EditorMaterials/PreviewShadowIndicator.uasset" 337
"../../../Engine/Content/EditorMaterials/PreviewShadowIndicator.uexp" 338
"../../../Engine/Content/EditorMaterials/PreviewShadowIndicator.ubulk" 339
"../../../Engine/Content/EditorMaterials/PreviewShadowIndicatorMaterial.uasset" 340
"../../../Engine/Content/EditorMaterials/PreviewShadowIndicatorMaterial.uexp" 341
"../../../Engine/Content/EditorMaterials/MAT_Groups_Toggle.uasset" 342
"../../../Engine/Content/EditorMaterials/MAT_Groups_Toggle.uexp" 343
"../../../Engine/Content/EditorMaterials/MAT_Groups_Visibility.uasset" 344
"../../../Engine/Content/EditorMaterials/MAT_Groups_Visibility.uexp" 345
"../../../Engine/Content/EditorMaterials/ParticleSystems/PSysThumbnail_NoImage.uasset" 346
"../../../Engine/Content/EditorMaterials/ParticleSystems/PSysThumbnail_NoImage.uexp" 347
"../../../Engine/Content/EditorMaterials/ParticleSystems/PSysThumbnail_NoImage.ubulk" 348
"../../../Engine/Content/EditorMaterials/ParticleSystems/PSysThumbnail_OOD.uasset" 349
"../../../Engine/Content/EditorMaterials/ParticleSystems/PSysThumbnail_OOD.uexp" 350
"../../../Engine/Content/EditorMaterials/ParticleSystems/PSysThumbnail_OOD.ubulk" 351
"../../../Engine/Content/EditorMaterials/MatineeGroups/MAT_Groups_Vector.uasset" 352
"../../../Engine/Content/EditorMaterials/MatineeGroups/MAT_Groups_Vector.uexp" 353
"../../../Engine/Content/EditorMaterials/MatineeGroups/MAT_ColorTrack.uasset" 354
"../../../Engine/Content/EditorMaterials/MatineeGroups/MAT_ColorTrack.uexp" 355
"../../../Engine/Content/EditorMaterials/MatineeGroups/MAT_Groups_AudioMaster.uasset" 356
"../../../Engine/Content/EditorMaterials/MatineeGroups/MAT_Groups_AudioMaster.uexp" 357
"../../../Engine/Content/EditorMaterials/MatineeGroups/MAT_Groups_Sound.uasset" 358
"../../../Engine/Content/EditorMaterials/MatineeGroups/MAT_Groups_Sound.uexp" 359
"../../../Engine/Content/EditorMaterials/MatineeGroups/MAT_Groups_Float.uasset" 360
"../../../Engine/Content/EditorMaterials/MatineeGroups/MAT_Groups_Float.uexp" 361
"../../../Engine/Content/EditorMaterials/MatineeGroups/MAT_Groups_Director.uasset" 362
"../../../Engine/Content/EditorMaterials/MatineeGroups/MAT_Groups_Director.uexp" 363
"../../../Engine/Content/EditorMaterials/MatineeGroups/MAT_Groups_Move.uasset" 364
"../../../Engine/Content/EditorMaterials/MatineeGroups/MAT_Groups_Move.uexp" 365
"../../../Engine/Content/EditorMaterials/MatineeGroups/MAT_Groups_Event.uasset" 366
"../../../Engine/Content/EditorMaterials/MatineeGroups/MAT_Groups_Event.uexp" 367
"../../../Engine/Content/EditorMaterials/MatineeGroups/MAT_Groups_Fade.uasset" 368
"../../../Engine/Content/EditorMaterials/MatineeGroups/MAT_Groups_Fade.uexp" 369
"../../../Engine/Content/EditorMaterials/MatineeGroups/MAT_Groups_Anim.uasset" 370
"../../../Engine/Content/EditorMaterials/MatineeGroups/MAT_Groups_Anim.uexp" 371
"../../../Engine/Content/EditorMaterials/MatineeGroups/MAT_Groups_Slomo.uasset" 372
"../../../Engine/Content/EditorMaterials/MatineeGroups/MAT_Groups_Slomo.uexp" 373
"../../../Engine/Content/EngineSounds/Master.uasset" 374
"../../../Engine/Content/EngineSounds/Master.uexp" 375
"../../../Engine/Content/EngineMeshes/Cylinder.uasset" 376
"../../../Engine/Content/EngineMeshes/Cylinder.uexp" 377
"../../../Engine/Content/EngineMeshes/Sphere.uasset" 378
"../../../Engine/Content/EngineMeshes/Sphere.uexp" 379
"../../../Engine/Content/EngineSky/VolumetricClouds/CloudWeatherTexture.uasset" 380
"../../../Engine/Content/EngineSky/VolumetricClouds/CloudWeatherTexture.uexp" 381
"../../../Engine/Content/EngineSky/VolumetricClouds/T_NoiseShape64.uasset" 382
"../../../Engine/Content/EngineSky/VolumetricClouds/T_NoiseShape64.uexp" 383
"../../../Engine/Content/EngineSky/VolumetricClouds/T_NoiseShape64.ubulk" 384
"../../../Engine/Content/EngineSky/VolumetricClouds/T_VolumeNoiseShape64.uasset" 385
"../../../Engine/Content/EngineSky/VolumetricClouds/T_VolumeNoiseShape64.uexp" 386
"../../../Engine/Content/EngineSky/VolumetricClouds/T_NoiseErosion.uasset" 387
"../../../Engine/Content/EngineSky/VolumetricClouds/T_NoiseErosion.uexp" 388
"../../../Engine/Content/EngineSky/VolumetricClouds/T_NoiseErosion.ubulk" 389
"../../../Engine/Content/EngineSky/VolumetricClouds/T_VolumeNoiseErosion32.uasset" 390
"../../../Engine/Content/EngineSky/VolumetricClouds/T_VolumeNoiseErosion32.uexp" 391
"../../../Engine/Content/EngineSky/VolumetricClouds/CloudGradientTexture.uasset" 392
"../../../Engine/Content/EngineSky/VolumetricClouds/CloudGradientTexture.uexp" 393
"../../../Engine/Content/Functions/Engine_MaterialFunctions02/Utility/MakeFloat2.uasset" 394
"../../../Engine/Content/Functions/Engine_MaterialFunctions02/Utility/MakeFloat2.uexp" 395
"../../../Engine/Content/EngineSky/VolumetricClouds/m_SimpleVolumetricCloud.uasset" 396
"../../../Engine/Content/EngineSky/VolumetricClouds/m_SimpleVolumetricCloud.uexp" 397
"../../../Engine/Content/EngineSky/VolumetricClouds/m_SimpleVolumetricCloud_Inst.uasset" 398
"../../../Engine/Content/EngineSky/VolumetricClouds/m_SimpleVolumetricCloud_Inst.uexp" 399
"../../../Engine/Content/VREditor/TransformGizmo/TranslucentTransformGizmoMaterial.uasset" 400
"../../../Engine/Content/VREditor/TransformGizmo/TranslucentTransformGizmoMaterial.uexp" 401
"../../../Engine/Content/VREditor/LaserPointer/VR_LaserPower_01.uasset" 402
"../../../Engine/Content/VREditor/LaserPointer/VR_LaserPower_01.uexp" 403
"../../../Engine/Content/VREditor/LaserPointer/VR_LaserPower_01.ubulk" 404
"../../../Engine/Content/VREditor/TransformGizmo/TransformGizmoMaterial.uasset" 405
"../../../Engine/Content/VREditor/TransformGizmo/TransformGizmoMaterial.uexp" 406
"../../../Engine/Content/VREditor/TransformGizmo/PlaneTranslationHandle.uasset" 407
"../../../Engine/Content/VREditor/TransformGizmo/PlaneTranslationHandle.uexp" 408
"../../../Engine/Content/VREditor/TransformGizmo/Xray.uasset" 409
"../../../Engine/Content/VREditor/TransformGizmo/Xray.uexp" 410
"../../../Engine/Content/VREditor/TransformGizmo/Main.uasset" 411
"../../../Engine/Content/VREditor/TransformGizmo/Main.uexp" 412
"../../../Engine/Content/VREditor/TransformGizmo/SM_Sequencer_Key.uasset" 413
"../../../Engine/Content/VREditor/TransformGizmo/SM_Sequencer_Key.uexp" 414
"../../../Engine/Content/VREditor/TransformGizmo/BoundingBoxCorner.uasset" 415
"../../../Engine/Content/VREditor/TransformGizmo/BoundingBoxCorner.uexp" 416
"../../../Engine/Content/VREditor/TransformGizmo/SM_Sequencer_Node.uasset" 417
"../../../Engine/Content/VREditor/TransformGizmo/SM_Sequencer_Node.uexp" 418
"../../../Engine/Content/VREditor/TransformGizmo/BoundingBoxEdge.uasset" 419
"../../../Engine/Content/VREditor/TransformGizmo/BoundingBoxEdge.uexp" 420
"../../../Engine/Content/BasicShapes/Cylinder.uasset" 421
"../../../Engine/Content/BasicShapes/Cylinder.uexp" 422
"../../../Engine/Content/ArtTools/RenderToTexture/Materials/Debug/M_Emissive_Color.uasset" 423
"../../../Engine/Content/ArtTools/RenderToTexture/Materials/Debug/M_Emissive_Color.uexp" 424
"../../../Engine/Plugins/2D/Paper2D/Content/PlaceholderTextures/DummySpriteTexture.uasset" 425
"../../../Engine/Plugins/2D/Paper2D/Content/PlaceholderTextures/DummySpriteTexture.uexp" 426
"../../../Engine/Plugins/2D/Paper2D/Content/PlaceholderTextures/DummySpriteTexture.ubulk" 427
"../../../Engine/Plugins/2D/Paper2D/Content/DefaultSpriteMaterial.uasset" 428
"../../../Engine/Plugins/2D/Paper2D/Content/DefaultSpriteMaterial.uexp" 429
"../../../Engine/Plugins/2D/Paper2D/Content/OpaqueUnlitSpriteMaterial.uasset" 430
"../../../Engine/Plugins/2D/Paper2D/Content/OpaqueUnlitSpriteMaterial.uexp" 431
"../../../Engine/Plugins/2D/Paper2D/Content/DummySprite.uasset" 432
"../../../Engine/Plugins/2D/Paper2D/Content/DummySprite.uexp" 433
"../../../Engine/Plugins/2D/Paper2D/Content/DefaultPaperTerrainMaterial.uasset" 434
"../../../Engine/Plugins/2D/Paper2D/Content/DefaultPaperTerrainMaterial.uexp" 435
"../../../Engine/Plugins/2D/Paper2D/Content/MaskedUnlitSpriteMaterial.uasset" 436
"../../../Engine/Plugins/2D/Paper2D/Content/MaskedUnlitSpriteMaterial.uexp" 437
"../../../Engine/Plugins/Editor/SpeedTreeImporter/Content/SpeedTree9/EmptyNormal.uasset" 438
"../../../Engine/Plugins/Editor/SpeedTreeImporter/Content/SpeedTree9/EmptyNormal.uexp" 439
"../../../Engine/Plugins/Editor/SpeedTreeImporter/Content/SpeedTree9/Empty.uasset" 440
"../../../Engine/Plugins/Editor/SpeedTreeImporter/Content/SpeedTree9/Empty.uexp" 441
"../../../Engine/Content/Functions/Engine_MaterialFunctions02/Utility/BreakOutFloat3Components.uasset" 442
"../../../Engine/Content/Functions/Engine_MaterialFunctions02/Utility/BreakOutFloat3Components.uexp" 443
"../../../Engine/Plugins/Editor/SpeedTreeImporter/Content/SpeedTree9/UnpackInteger3.uasset" 444
"../../../Engine/Plugins/Editor/SpeedTreeImporter/Content/SpeedTree9/UnpackInteger3.uexp" 445
"../../../Engine/Plugins/Editor/SpeedTreeImporter/Content/SpeedTree9/SpeedTreeBillboard.uasset" 446
"../../../Engine/Plugins/Editor/SpeedTreeImporter/Content/SpeedTree9/SpeedTreeBillboard.uexp" 447
"../../../Engine/Plugins/Editor/SpeedTreeImporter/Content/SpeedTree9/UnpackDirection.uasset" 448
"../../../Engine/Plugins/Editor/SpeedTreeImporter/Content/SpeedTree9/UnpackDirection.uexp" 449
"../../../Engine/Plugins/Editor/SpeedTreeImporter/Content/SpeedTree9/game_wind_noise.uasset" 450
"../../../Engine/Plugins/Editor/SpeedTreeImporter/Content/SpeedTree9/game_wind_noise.uexp" 451
"../../../Engine/Plugins/Editor/SpeedTreeImporter/Content/SpeedTree9/game_wind_noise.ubulk" 452
"../../../Engine/Content/Functions/Engine_MaterialFunctions02/SafeNormalize.uasset" 453
"../../../Engine/Content/Functions/Engine_MaterialFunctions02/SafeNormalize.uexp" 454
"../../../Engine/Plugins/Editor/SpeedTreeImporter/Content/SpeedTree9/SpeedTreeWindMotion.uasset" 455
"../../../Engine/Plugins/Editor/SpeedTreeImporter/Content/SpeedTree9/SpeedTreeWindMotion.uexp" 456
"../../../Engine/Plugins/Editor/SpeedTreeImporter/Content/SpeedTree9/SpeedTreeBranchMotion.uasset" 457
"../../../Engine/Plugins/Editor/SpeedTreeImporter/Content/SpeedTree9/SpeedTreeBranchMotion.uexp" 458
"../../../Engine/Content/Functions/Engine_MaterialFunctions02/ObjectLocalBounds.uasset" 459
"../../../Engine/Content/Functions/Engine_MaterialFunctions02/ObjectLocalBounds.uexp" 460
"../../../Engine/Content/Functions/Engine_MaterialFunctions02/UVs/BoundingBoxBased_0-1_UVW.uasset" 461
"../../../Engine/Content/Functions/Engine_MaterialFunctions02/UVs/BoundingBoxBased_0-1_UVW.uexp" 462
"../../../Engine/Content/Functions/Engine_MaterialFunctions02/Utility/VectorLength.uasset" 463
"../../../Engine/Content/Functions/Engine_MaterialFunctions02/Utility/VectorLength.uexp" 464
"../../../Engine/Content/Functions/Engine_MaterialFunctions02/WorldPositionOffset/ObjectScale.uasset" 465
"../../../Engine/Content/Functions/Engine_MaterialFunctions02/WorldPositionOffset/ObjectScale.uexp" 466
"../../../Engine/Plugins/Editor/SpeedTreeImporter/Content/SpeedTree9/SpeedTreeWind.uasset" 467
"../../../Engine/Plugins/Editor/SpeedTreeImporter/Content/SpeedTree9/SpeedTreeWind.uexp" 468
"../../../Engine/Plugins/Editor/SpeedTreeImporter/Content/SpeedTree9/SpeedTreeBillboardMaster.uasset" 469
"../../../Engine/Plugins/Editor/SpeedTreeImporter/Content/SpeedTree9/SpeedTreeBillboardMaster.uexp" 470
"../../../Engine/Plugins/Editor/SpeedTreeImporter/Content/SpeedTree9/SpeedTreeCameraFacing.uasset" 471
"../../../Engine/Plugins/Editor/SpeedTreeImporter/Content/SpeedTree9/SpeedTreeCameraFacing.uexp" 472
"../../../Engine/Plugins/Editor/SpeedTreeImporter/Content/SpeedTree9/SpeedTreeMaster.uasset" 473
"../../../Engine/Plugins/Editor/SpeedTreeImporter/Content/SpeedTree9/SpeedTreeMaster.uexp" 474
"/Users/arunkarthik/Documents/Unreal Projects/Ads_test/Content/ThirdPerson/Meshes/RampMaterial.uasset" 475
"/Users/arunkarthik/Documents/Unreal Projects/Ads_test/Content/ThirdPerson/Meshes/RampMaterial.uexp" 476
"/Users/arunkarthik/Documents/Unreal Projects/Ads_test/Content/ThirdPerson/Meshes/RightArm_StaticMesh.uasset" 477
"/Users/arunkarthik/Documents/Unreal Projects/Ads_test/Content/ThirdPerson/Meshes/RightArm_StaticMesh.uexp" 478
"/Users/arunkarthik/Documents/Unreal Projects/Ads_test/Content/ThirdPerson/Meshes/Ramp_StaticMesh.uasset" 479
"/Users/arunkarthik/Documents/Unreal Projects/Ads_test/Content/ThirdPerson/Meshes/Ramp_StaticMesh.uexp" 480
"/Users/arunkarthik/Documents/Unreal Projects/Ads_test/Content/ThirdPerson/Meshes/Linear_Stair_StaticMesh.uasset" 481
"/Users/arunkarthik/Documents/Unreal Projects/Ads_test/Content/ThirdPerson/Meshes/Linear_Stair_StaticMesh.uexp" 482
"/Users/arunkarthik/Documents/Unreal Projects/Ads_test/Content/ThirdPerson/Meshes/LeftArm_StaticMesh.uasset" 483
"/Users/arunkarthik/Documents/Unreal Projects/Ads_test/Content/ThirdPerson/Meshes/LeftArm_StaticMesh.uexp" 484
"/Users/arunkarthik/Documents/Unreal Projects/Ads_test/Content/ThirdPerson/Meshes/Bump_StaticMesh.uasset" 485
"/Users/arunkarthik/Documents/Unreal Projects/Ads_test/Content/ThirdPerson/Meshes/Bump_StaticMesh.uexp" 486
"/Users/arunkarthik/Documents/Unreal Projects/Ads_test/Content/Geometry/Meshes/CubeMaterial.uasset" 487
"/Users/arunkarthik/Documents/Unreal Projects/Ads_test/Content/Geometry/Meshes/CubeMaterial.uexp" 488
"/Users/arunkarthik/Documents/Unreal Projects/Ads_test/Content/Geometry/Meshes/TemplateFloor.uasset" 489
"/Users/arunkarthik/Documents/Unreal Projects/Ads_test/Content/Geometry/Meshes/TemplateFloor.uexp" 490
"/Users/arunkarthik/Documents/Unreal Projects/Ads_test/Content/Geometry/Meshes/1M_Cube_Chamfer.uasset" 491
"/Users/arunkarthik/Documents/Unreal Projects/Ads_test/Content/Geometry/Meshes/1M_Cube_Chamfer.uexp" 492
"/Users/arunkarthik/Documents/Unreal Projects/Ads_test/Content/Geometry/Meshes/1M_Cube.uasset" 493
"/Users/arunkarthik/Documents/Unreal Projects/Ads_test/Content/Geometry/Meshes/1M_Cube.uexp" 494
"../../../Engine/Content/EngineSky/T_Sky_Stars.uasset" 495
"../../../Engine/Content/EngineSky/T_Sky_Stars.uexp" 496
"../../../Engine/Content/EngineSky/T_Sky_Stars.ubulk" 497
"../../../Engine/Content/EngineSky/T_Sky_Clouds_M.uasset" 498
"../../../Engine/Content/EngineSky/T_Sky_Clouds_M.uexp" 499
"../../../Engine/Content/EngineSky/T_Sky_Clouds_M.ubulk" 500
"../../../Engine/Content/EngineSky/T_Sky_Blue.uasset" 501
"../../../Engine/Content/EngineSky/T_Sky_Blue.uexp" 502
"../../../Engine/Content/EngineSky/T_Sky_Blue.ubulk" 503
"../../../Engine/Content/EngineSky/M_Sky_Panning_Clouds2.uasset" 504
"../../../Engine/Content/EngineSky/M_Sky_Panning_Clouds2.uexp" 505
"../../../Engine/Content/EngineSky/C_Sky_Horizon_Color.uasset" 506
"../../../Engine/Content/EngineSky/C_Sky_Horizon_Color.uexp" 507
"../../../Engine/Content/EngineSky/C_Sky_Cloud_Color.uasset" 508
"../../../Engine/Content/EngineSky/C_Sky_Cloud_Color.uexp" 509
"../../../Engine/Content/EngineSky/C_Sky_Zenith_Color.uasset" 510
"../../../Engine/Content/EngineSky/C_Sky_Zenith_Color.uexp" 511
"../../../Engine/Content/EngineSky/SM_SkySphere.uasset" 512
"../../../Engine/Content/EngineSky/SM_SkySphere.uexp" 513
"../../../Engine/Content/EngineSky/BP_Sky_Sphere.uasset" 514
"../../../Engine/Content/EngineSky/BP_Sky_Sphere.uexp" 515
"/Users/arunkarthik/Documents/Unreal Projects/Ads_test/Content/ThirdPersonBP/Maps/ThirdPersonExampleMap_BuiltData.uasset" 516
"/Users/arunkarthik/Documents/Unreal Projects/Ads_test/Content/ThirdPersonBP/Maps/ThirdPersonExampleMap_BuiltData.uexp" 517
"/Users/arunkarthik/Documents/Unreal Projects/Ads_test/Content/ThirdPersonBP/Maps/ThirdPersonExampleMap_BuiltData.ubulk" 518
"/Users/arunkarthik/Documents/Unreal Projects/Ads_test/Content/ThirdPersonBP/Maps/ThirdPersonExampleMap.uexp" 519
"/Users/arunkarthik/Documents/Unreal Projects/Ads_test/Content/ThirdPersonBP/Maps/ThirdPersonExampleMap.umap" 520
"../../../Engine/Content/Maps/Entry_BuiltData.uasset" 521
"../../../Engine/Content/Maps/Entry_BuiltData.uexp" 522
"../../../Engine/Content/Maps/Entry.uexp" 523
"../../../Engine/Content/Maps/Entry.umap" 524
